<?xml version="1.0" ?>
<!DOCTYPE coverage SYSTEM "http://cobertura.sourceforge.net/xml/coverage-04.dtd">
<coverage lines-valid="1111" lines-covered="485" line-rate="0.4365" branches-valid="610" branches-covered="173" branch-rate="0.2836" timestamp="1763140212720" complexity="0" version="0.1">
  <sources>
    <source>/Users/belutreachi/Desktop/FACULTAD/ing-soft-3/TP06_UnitTests_IS3</source>
  </sources>
  <packages>
    <package name="TP06_UnitTests_IS3" line-rate="0.5849" branch-rate="0.3">
      <classes>
        <class name="server.js" filename="server.js" line-rate="0.5849" branch-rate="0.3">
          <methods>
            <method name="(anonymous_0)" hits="0" signature="()V">
              <lines>
                <line number="49" hits="0"/>
              </lines>
            </method>
            <method name="(anonymous_1)" hits="0" signature="()V">
              <lines>
                <line number="54" hits="0"/>
              </lines>
            </method>
            <method name="startServer" hits="0" signature="()V">
              <lines>
                <line number="61" hits="0"/>
              </lines>
            </method>
            <method name="(anonymous_3)" hits="0" signature="()V">
              <lines>
                <line number="78" hits="0"/>
              </lines>
            </method>
          </methods>
          <lines>
            <line number="1" hits="3" branch="false"/>
            <line number="2" hits="3" branch="false"/>
            <line number="3" hits="3" branch="false"/>
            <line number="4" hits="3" branch="false"/>
            <line number="5" hits="3" branch="false"/>
            <line number="6" hits="3" branch="false"/>
            <line number="7" hits="3" branch="false"/>
            <line number="8" hits="3" branch="false"/>
            <line number="9" hits="3" branch="false"/>
            <line number="10" hits="3" branch="false"/>
            <line number="11" hits="3" branch="false"/>
            <line number="12" hits="3" branch="false"/>
            <line number="14" hits="3" branch="false"/>
            <line number="15" hits="3" branch="true" condition-coverage="50% (1/2)"/>
            <line number="18" hits="3" branch="false"/>
            <line number="21" hits="3" branch="false"/>
            <line number="24" hits="3" branch="false"/>
            <line number="28" hits="3" branch="false"/>
            <line number="31" hits="3" branch="false"/>
            <line number="32" hits="3" branch="false"/>
            <line number="35" hits="3" branch="false"/>
            <line number="37" hits="3" branch="false"/>
            <line number="38" hits="3" branch="true" condition-coverage="50% (1/2)"/>
            <line number="39" hits="0" branch="false"/>
            <line number="41" hits="3" branch="false"/>
            <line number="44" hits="3" branch="false"/>
            <line number="45" hits="3" branch="false"/>
            <line number="46" hits="3" branch="false"/>
            <line number="49" hits="3" branch="false"/>
            <line number="50" hits="0" branch="false"/>
            <line number="54" hits="3" branch="false"/>
            <line number="55" hits="0" branch="false"/>
            <line number="62" hits="0" branch="false"/>
            <line number="64" hits="0" branch="true" condition-coverage="0% (0/2)"/>
            <line number="65" hits="0" branch="false"/>
            <line number="66" hits="0" branch="false"/>
            <line number="67" hits="0" branch="true" condition-coverage="0% (0/2)"/>
            <line number="68" hits="0" branch="false"/>
            <line number="69" hits="0" branch="false"/>
            <line number="71" hits="0" branch="false"/>
            <line number="75" hits="0" branch="false"/>
            <line number="76" hits="0" branch="false"/>
            <line number="78" hits="0" branch="false"/>
            <line number="79" hits="0" branch="false"/>
            <line number="80" hits="0" branch="false"/>
            <line number="81" hits="0" branch="false"/>
            <line number="82" hits="0" branch="false"/>
            <line number="83" hits="0" branch="false"/>
            <line number="86" hits="0" branch="false"/>
            <line number="87" hits="0" branch="false"/>
            <line number="91" hits="3" branch="false"/>
            <line number="94" hits="3" branch="true" condition-coverage="50% (1/2)"/>
            <line number="95" hits="0" branch="false"/>
          </lines>
        </class>
      </classes>
    </package>
    <package name="TP06_UnitTests_IS3.public" line-rate="0.42590000000000006" branch-rate="0.3084">
      <classes>
        <class name="app.js" filename="public/app.js" line-rate="0.42590000000000006" branch-rate="0.3084">
          <methods>
            <method name="(anonymous_0)" hits="0" signature="()V">
              <lines>
                <line number="55" hits="0"/>
              </lines>
            </method>
            <method name="showLoginPage" hits="0" signature="()V">
              <lines>
                <line number="69" hits="0"/>
              </lines>
            </method>
            <method name="showRegisterPage" hits="0" signature="()V">
              <lines>
                <line number="75" hits="0"/>
              </lines>
            </method>
            <method name="showTasksPage" hits="5" signature="()V">
              <lines>
                <line number="81" hits="5"/>
              </lines>
            </method>
            <method name="(anonymous_4)" hits="7" signature="()V">
              <lines>
                <line number="98" hits="7"/>
              </lines>
            </method>
            <method name="(anonymous_5)" hits="0" signature="()V">
              <lines>
                <line number="134" hits="0"/>
              </lines>
            </method>
            <method name="(anonymous_6)" hits="0" signature="()V">
              <lines>
                <line number="165" hits="0"/>
              </lines>
            </method>
            <method name="(anonymous_7)" hits="0" signature="()V">
              <lines>
                <line number="174" hits="0"/>
              </lines>
            </method>
            <method name="(anonymous_8)" hits="0" signature="()V">
              <lines>
                <line number="179" hits="0"/>
              </lines>
            </method>
            <method name="loadTasks" hits="5" signature="()V">
              <lines>
                <line number="185" hits="5"/>
              </lines>
            </method>
            <method name="buildFiltersQueryParams" hits="8" signature="()V">
              <lines>
                <line number="238" hits="8"/>
              </lines>
            </method>
            <method name="loadStats" hits="4" signature="()V">
              <lines>
                <line number="260" hits="4"/>
              </lines>
            </method>
            <method name="setStatsLoading" hits="3" signature="()V">
              <lines>
                <line number="293" hits="3"/>
              </lines>
            </method>
            <method name="setStatsError" hits="0" signature="()V">
              <lines>
                <line number="305" hits="0"/>
              </lines>
            </method>
            <method name="updateStatsValues" hits="3" signature="()V">
              <lines>
                <line number="317" hits="3"/>
              </lines>
            </method>
            <method name="updateStatsSubtitle" hits="5" signature="()V">
              <lines>
                <line number="334" hits="5"/>
              </lines>
            </method>
            <method name="displayTasks" hits="4" signature="()V">
              <lines>
                <line number="344" hits="4"/>
              </lines>
            </method>
            <method name="(anonymous_17)" hits="100" signature="()V">
              <lines>
                <line number="364" hits="100"/>
              </lines>
            </method>
            <method name="(anonymous_18)" hits="0" signature="()V">
              <lines>
                <line number="369" hits="0"/>
              </lines>
            </method>
            <method name="(anonymous_19)" hits="0" signature="()V">
              <lines>
                <line number="427" hits="0"/>
              </lines>
            </method>
            <method name="(anonymous_20)" hits="0" signature="()V">
              <lines>
                <line number="435" hits="0"/>
              </lines>
            </method>
            <method name="(anonymous_21)" hits="0" signature="()V">
              <lines>
                <line number="443" hits="0"/>
              </lines>
            </method>
            <method name="(anonymous_22)" hits="0" signature="()V">
              <lines>
                <line number="449" hits="0"/>
              </lines>
            </method>
            <method name="(anonymous_23)" hits="0" signature="()V">
              <lines>
                <line number="455" hits="0"/>
              </lines>
            </method>
            <method name="(anonymous_24)" hits="0" signature="()V">
              <lines>
                <line number="461" hits="0"/>
              </lines>
            </method>
            <method name="(anonymous_25)" hits="0" signature="()V">
              <lines>
                <line number="469" hits="0"/>
              </lines>
            </method>
            <method name="(anonymous_26)" hits="0" signature="()V">
              <lines>
                <line number="475" hits="0"/>
              </lines>
            </method>
            <method name="(anonymous_27)" hits="0" signature="()V">
              <lines>
                <line number="518" hits="0"/>
              </lines>
            </method>
            <method name="(anonymous_28)" hits="0" signature="()V">
              <lines>
                <line number="527" hits="0"/>
              </lines>
            </method>
            <method name="(anonymous_29)" hits="0" signature="()V">
              <lines>
                <line number="540" hits="0"/>
              </lines>
            </method>
            <method name="(anonymous_30)" hits="0" signature="()V">
              <lines>
                <line number="548" hits="0"/>
              </lines>
            </method>
            <method name="(anonymous_31)" hits="0" signature="()V">
              <lines>
                <line number="567" hits="0"/>
              </lines>
            </method>
            <method name="editTask" hits="0" signature="()V">
              <lines>
                <line number="596" hits="0"/>
              </lines>
            </method>
            <method name="(anonymous_33)" hits="0" signature="()V">
              <lines>
                <line number="597" hits="0"/>
              </lines>
            </method>
            <method name="toggleComplete" hits="0" signature="()V">
              <lines>
                <line number="616" hits="0"/>
              </lines>
            </method>
            <method name="deleteTask" hits="0" signature="()V">
              <lines>
                <line number="632" hits="0"/>
              </lines>
            </method>
            <method name="deleteAttachment" hits="0" signature="()V">
              <lines>
                <line number="651" hits="0"/>
              </lines>
            </method>
            <method name="setUsersLoading" hits="0" signature="()V">
              <lines>
                <line number="674" hits="0"/>
              </lines>
            </method>
            <method name="setUsersError" hits="0" signature="()V">
              <lines>
                <line number="682" hits="0"/>
              </lines>
            </method>
            <method name="loadUsers" hits="0" signature="()V">
              <lines>
                <line number="690" hits="0"/>
              </lines>
            </method>
            <method name="displayUsers" hits="0" signature="()V">
              <lines>
                <line number="715" hits="0"/>
              </lines>
            </method>
            <method name="(anonymous_41)" hits="0" signature="()V">
              <lines>
                <line number="734" hits="0"/>
              </lines>
            </method>
            <method name="openAdminUsersModal" hits="0" signature="()V">
              <lines>
                <line number="761" hits="0"/>
              </lines>
            </method>
            <method name="closeAdminUsersModal" hits="4" signature="()V">
              <lines>
                <line number="770" hits="4"/>
              </lines>
            </method>
            <method name="openUserModal" hits="0" signature="()V">
              <lines>
                <line number="778" hits="0"/>
              </lines>
            </method>
            <method name="(anonymous_45)" hits="0" signature="()V">
              <lines>
                <line number="780" hits="0"/>
              </lines>
            </method>
            <method name="closeUserModal" hits="0" signature="()V">
              <lines>
                <line number="800" hits="0"/>
              </lines>
            </method>
            <method name="deleteUserAccount" hits="0" signature="()V">
              <lines>
                <line number="812" hits="0"/>
              </lines>
            </method>
            <method name="updateUserHeader" hits="5" signature="()V">
              <lines>
                <line number="839" hits="5"/>
              </lines>
            </method>
            <method name="syncFiltersFromForm" hits="5" signature="()V">
              <lines>
                <line number="880" hits="5"/>
              </lines>
            </method>
            <method name="showError" hits="2" signature="()V">
              <lines>
                <line number="893" hits="2"/>
              </lines>
            </method>
            <method name="(anonymous_51)" hits="0" signature="()V">
              <lines>
                <line number="902" hits="0"/>
              </lines>
            </method>
            <method name="formatFileSize" hits="0" signature="()V">
              <lines>
                <line number="908" hits="0"/>
              </lines>
            </method>
            <method name="escapeHtml" hits="100" signature="()V">
              <lines>
                <line number="926" hits="100"/>
              </lines>
            </method>
            <method name="formatDueDate" hits="100" signature="()V">
              <lines>
                <line number="932" hits="100"/>
              </lines>
            </method>
            <method name="logout" hits="0" signature="()V">
              <lines>
                <line number="973" hits="0"/>
              </lines>
            </method>
          </methods>
          <lines>
            <line number="2" hits="10" branch="false"/>
            <line number="5" hits="10" branch="false"/>
            <line number="6" hits="10" branch="false"/>
            <line number="7" hits="10" branch="false"/>
            <line number="8" hits="10" branch="false"/>
            <line number="9" hits="10" branch="false"/>
            <line number="10" hits="10" branch="false"/>
            <line number="11" hits="10" branch="false"/>
            <line number="12" hits="10" branch="false"/>
            <line number="15" hits="10" branch="false"/>
            <line number="16" hits="10" branch="false"/>
            <line number="17" hits="10" branch="false"/>
            <line number="18" hits="10" branch="false"/>
            <line number="19" hits="10" branch="false"/>
            <line number="20" hits="10" branch="false"/>
            <line number="21" hits="10" branch="false"/>
            <line number="22" hits="10" branch="false"/>
            <line number="23" hits="10" branch="false"/>
            <line number="24" hits="10" branch="false"/>
            <line number="25" hits="10" branch="false"/>
            <line number="26" hits="10" branch="false"/>
            <line number="27" hits="10" branch="false"/>
            <line number="28" hits="10" branch="false"/>
            <line number="29" hits="10" branch="false"/>
            <line number="30" hits="10" branch="false"/>
            <line number="31" hits="10" branch="false"/>
            <line number="32" hits="10" branch="false"/>
            <line number="33" hits="10" branch="false"/>
            <line number="34" hits="10" branch="false"/>
            <line number="35" hits="10" branch="false"/>
            <line number="36" hits="10" branch="false"/>
            <line number="37" hits="10" branch="false"/>
            <line number="38" hits="10" branch="false"/>
            <line number="39" hits="10" branch="false"/>
            <line number="40" hits="10" branch="false"/>
            <line number="41" hits="10" branch="false"/>
            <line number="42" hits="10" branch="false"/>
            <line number="43" hits="10" branch="false"/>
            <line number="44" hits="10" branch="false"/>
            <line number="45" hits="10" branch="false"/>
            <line number="46" hits="10" branch="false"/>
            <line number="47" hits="10" branch="false"/>
            <line number="48" hits="10" branch="false"/>
            <line number="49" hits="10" branch="false"/>
            <line number="50" hits="10" branch="false"/>
            <line number="51" hits="10" branch="false"/>
            <line number="52" hits="10" branch="false"/>
            <line number="55" hits="10" branch="false"/>
            <line number="56" hits="0" branch="false"/>
            <line number="57" hits="0" branch="false"/>
            <line number="59" hits="0" branch="true" condition-coverage="0% (0/4)"/>
            <line number="60" hits="0" branch="false"/>
            <line number="61" hits="0" branch="false"/>
            <line number="62" hits="0" branch="false"/>
            <line number="64" hits="0" branch="false"/>
            <line number="70" hits="0" branch="false"/>
            <line number="71" hits="0" branch="false"/>
            <line number="72" hits="0" branch="false"/>
            <line number="76" hits="0" branch="false"/>
            <line number="77" hits="0" branch="false"/>
            <line number="78" hits="0" branch="false"/>
            <line number="82" hits="5" branch="false"/>
            <line number="83" hits="5" branch="false"/>
            <line number="84" hits="5" branch="false"/>
            <line number="86" hits="5" branch="false"/>
            <line number="88" hits="5" branch="true" condition-coverage="50% (1/2)"/>
            <line number="89" hits="5" branch="false"/>
            <line number="90" hits="5" branch="false"/>
            <line number="93" hits="5" branch="false"/>
            <line number="94" hits="5" branch="false"/>
            <line number="98" hits="10" branch="false"/>
            <line number="99" hits="7" branch="false"/>
            <line number="100" hits="7" branch="false"/>
            <line number="101" hits="7" branch="false"/>
            <line number="102" hits="7" branch="false"/>
            <line number="104" hits="7" branch="false"/>
            <line number="105" hits="7" branch="false"/>
            <line number="112" hits="7" branch="true" condition-coverage="100% (2/2)"/>
            <line number="113" hits="5" branch="false"/>
            <line number="114" hits="5" branch="false"/>
            <line number="115" hits="5" branch="false"/>
            <line number="116" hits="5" branch="false"/>
            <line number="117" hits="5" branch="false"/>
            <line number="118" hits="5" branch="false"/>
            <line number="120" hits="2" branch="true" condition-coverage="100% (2/2)"/>
            <line number="121" hits="1" branch="false"/>
            <line number="123" hits="1" branch="false"/>
            <line number="125" hits="2" branch="false"/>
            <line number="128" hits="0" branch="false"/>
            <line number="134" hits="10" branch="false"/>
            <line number="135" hits="0" branch="false"/>
            <line number="136" hits="0" branch="false"/>
            <line number="137" hits="0" branch="false"/>
            <line number="138" hits="0" branch="false"/>
            <line number="139" hits="0" branch="false"/>
            <line number="141" hits="0" branch="false"/>
            <line number="142" hits="0" branch="false"/>
            <line number="148" hits="0" branch="false"/>
            <line number="150" hits="0" branch="true" condition-coverage="0% (0/2)"/>
            <line number="151" hits="0" branch="false"/>
            <line number="152" hits="0" branch="false"/>
            <line number="153" hits="0" branch="false"/>
            <line number="154" hits="0" branch="false"/>
            <line number="155" hits="0" branch="false"/>
            <line number="157" hits="0" branch="true" condition-coverage="0% (0/2)"/>
            <line number="160" hits="0" branch="false"/>
            <line number="165" hits="10" branch="false"/>
            <line number="166" hits="0" branch="false"/>
            <line number="167" hits="0" branch="false"/>
            <line number="168" hits="0" branch="false"/>
            <line number="169" hits="0" branch="false"/>
            <line number="170" hits="0" branch="false"/>
            <line number="174" hits="10" branch="false"/>
            <line number="175" hits="0" branch="false"/>
            <line number="176" hits="0" branch="false"/>
            <line number="179" hits="10" branch="false"/>
            <line number="180" hits="0" branch="false"/>
            <line number="181" hits="0" branch="false"/>
            <line number="186" hits="5" branch="true" condition-coverage="50% (1/2)"/>
            <line number="188" hits="5" branch="true" condition-coverage="50% (1/2)"/>
            <line number="189" hits="5" branch="false"/>
            <line number="192" hits="5" branch="false"/>
            <line number="193" hits="5" branch="false"/>
            <line number="194" hits="5" branch="true" condition-coverage="50% (1/2)"/>
            <line number="196" hits="5" branch="false"/>
            <line number="197" hits="5" branch="false"/>
            <line number="201" hits="5" branch="true" condition-coverage="100% (2/2)"/>
            <line number="202" hits="4" branch="false"/>
            <line number="204" hits="4" branch="true" condition-coverage="75% (3/4)"/>
            <line number="205" hits="4" branch="false"/>
            <line number="206" hits="4" branch="false"/>
            <line number="207" hits="1" branch="true" condition-coverage="50% (1/2)"/>
            <line number="208" hits="0" branch="false"/>
            <line number="210" hits="1" branch="false"/>
            <line number="217" hits="1" branch="false"/>
            <line number="218" hits="1" branch="true" condition-coverage="50% (1/2)"/>
            <line number="219" hits="1" branch="false"/>
            <line number="220" hits="1" branch="false"/>
            <line number="225" hits="0" branch="false"/>
            <line number="230" hits="0" branch="false"/>
            <line number="231" hits="0" branch="true" condition-coverage="0% (0/2)"/>
            <line number="232" hits="0" branch="false"/>
            <line number="233" hits="0" branch="false"/>
            <line number="239" hits="8" branch="false"/>
            <line number="241" hits="8" branch="true" condition-coverage="75% (3/4)"/>
            <line number="242" hits="0" branch="false"/>
            <line number="245" hits="8" branch="true" condition-coverage="50% (1/2)"/>
            <line number="246" hits="0" branch="false"/>
            <line number="249" hits="8" branch="true" condition-coverage="50% (1/2)"/>
            <line number="250" hits="0" branch="false"/>
            <line number="253" hits="8" branch="true" condition-coverage="50% (1/2)"/>
            <line number="254" hits="0" branch="false"/>
            <line number="257" hits="8" branch="false"/>
            <line number="261" hits="4" branch="true" condition-coverage="100% (4/4)"/>
            <line number="262" hits="1" branch="false"/>
            <line number="265" hits="3" branch="false"/>
            <line number="267" hits="3" branch="false"/>
            <line number="268" hits="3" branch="true" condition-coverage="50% (2/4)"/>
            <line number="269" hits="0" branch="false"/>
            <line number="272" hits="3" branch="false"/>
            <line number="273" hits="3" branch="true" condition-coverage="50% (1/2)"/>
            <line number="275" hits="3" branch="false"/>
            <line number="276" hits="3" branch="false"/>
            <line number="280" hits="3" branch="true" condition-coverage="50% (1/2)"/>
            <line number="281" hits="3" branch="false"/>
            <line number="282" hits="3" branch="false"/>
            <line number="283" hits="0" branch="true" condition-coverage="0% (0/2)"/>
            <line number="284" hits="0" branch="false"/>
            <line number="286" hits="0" branch="false"/>
            <line number="289" hits="0" branch="false"/>
            <line number="294" hits="3" branch="true" condition-coverage="50% (1/2)"/>
            <line number="295" hits="0" branch="false"/>
            <line number="298" hits="3" branch="false"/>
            <line number="299" hits="3" branch="false"/>
            <line number="300" hits="3" branch="false"/>
            <line number="301" hits="3" branch="false"/>
            <line number="302" hits="3" branch="false"/>
            <line number="306" hits="0" branch="true" condition-coverage="0% (0/2)"/>
            <line number="307" hits="0" branch="false"/>
            <line number="310" hits="0" branch="false"/>
            <line number="311" hits="0" branch="false"/>
            <line number="312" hits="0" branch="false"/>
            <line number="313" hits="0" branch="false"/>
            <line number="314" hits="0" branch="false"/>
            <line number="318" hits="3" branch="true" condition-coverage="50% (1/2)"/>
            <line number="319" hits="0" branch="false"/>
            <line number="322" hits="3" branch="true" condition-coverage="100% (2/2)"/>
            <line number="323" hits="3" branch="true" condition-coverage="100% (2/2)"/>
            <line number="324" hits="3" branch="true" condition-coverage="100% (2/2)"/>
            <line number="325" hits="3" branch="true" condition-coverage="100% (2/2)"/>
            <line number="327" hits="3" branch="false"/>
            <line number="328" hits="3" branch="false"/>
            <line number="329" hits="3" branch="false"/>
            <line number="330" hits="3" branch="false"/>
            <line number="331" hits="3" branch="false"/>
            <line number="335" hits="5" branch="true" condition-coverage="50% (1/2)"/>
            <line number="336" hits="0" branch="false"/>
            <line number="339" hits="5" branch="true" condition-coverage="50% (1/2)"/>
            <line number="340" hits="5" branch="true" condition-coverage="50% (1/2)"/>
            <line number="345" hits="4" branch="true" condition-coverage="50% (1/2)"/>
            <line number="347" hits="4" branch="true" condition-coverage="100% (2/2)"/>
            <line number="348" hits="3" branch="true" condition-coverage="75% (3/4)"/>
            <line number="349" hits="3" branch="true" condition-coverage="100% (5/5)"/>
            <line number="350" hits="3" branch="true" condition-coverage="50% (1/2)"/>
            <line number="351" hits="3" branch="true" condition-coverage="50% (1/2)"/>
            <line number="355" hits="3" branch="false"/>
            <line number="361" hits="3" branch="false"/>
            <line number="364" hits="1" branch="false"/>
            <line number="365" hits="100" branch="false"/>
            <line number="366" hits="100" branch="false"/>
            <line number="367" hits="100" branch="true" condition-coverage="50% (1/2)"/>
            <line number="369" hits="100" branch="false"/>
            <line number="370" hits="0" branch="true" condition-coverage="0% (0/2)"/>
            <line number="371" hits="0" branch="true" condition-coverage="0% (0/4)"/>
            <line number="374" hits="0" branch="true" condition-coverage="0% (0/2)"/>
            <line number="375" hits="0" branch="true" condition-coverage="0% (0/2)"/>
            <line number="379" hits="0" branch="false"/>
            <line number="389" hits="100" branch="true" condition-coverage="50% (1/2)"/>
            <line number="400" hits="100" branch="false"/>
            <line number="426" hits="10" branch="true" condition-coverage="50% (1/2)"/>
            <line number="427" hits="10" branch="false"/>
            <line number="428" hits="0" branch="false"/>
            <line number="429" hits="0" branch="false"/>
            <line number="430" hits="0" branch="false"/>
            <line number="434" hits="10" branch="true" condition-coverage="75% (3/4)"/>
            <line number="435" hits="10" branch="false"/>
            <line number="436" hits="0" branch="false"/>
            <line number="437" hits="0" branch="false"/>
            <line number="438" hits="0" branch="false"/>
            <line number="442" hits="10" branch="true" condition-coverage="50% (1/2)"/>
            <line number="443" hits="10" branch="false"/>
            <line number="444" hits="0" branch="false"/>
            <line number="448" hits="10" branch="true" condition-coverage="50% (1/2)"/>
            <line number="449" hits="10" branch="false"/>
            <line number="450" hits="0" branch="false"/>
            <line number="454" hits="10" branch="true" condition-coverage="50% (1/2)"/>
            <line number="455" hits="10" branch="false"/>
            <line number="456" hits="0" branch="false"/>
            <line number="460" hits="10" branch="true" condition-coverage="50% (1/2)"/>
            <line number="461" hits="10" branch="false"/>
            <line number="462" hits="0" branch="true" condition-coverage="0% (0/2)"/>
            <line number="463" hits="0" branch="false"/>
            <line number="468" hits="10" branch="true" condition-coverage="50% (1/2)"/>
            <line number="469" hits="10" branch="false"/>
            <line number="470" hits="0" branch="false"/>
            <line number="474" hits="10" branch="true" condition-coverage="50% (1/2)"/>
            <line number="475" hits="10" branch="false"/>
            <line number="476" hits="0" branch="false"/>
            <line number="478" hits="0" branch="true" condition-coverage="0% (0/2)"/>
            <line number="479" hits="0" branch="false"/>
            <line number="482" hits="0" branch="false"/>
            <line number="483" hits="0" branch="false"/>
            <line number="484" hits="0" branch="false"/>
            <line number="486" hits="0" branch="false"/>
            <line number="487" hits="0" branch="false"/>
            <line number="496" hits="0" branch="false"/>
            <line number="498" hits="0" branch="true" condition-coverage="0% (0/2)"/>
            <line number="499" hits="0" branch="false"/>
            <line number="500" hits="0" branch="true" condition-coverage="0% (0/4)"/>
            <line number="501" hits="0" branch="false"/>
            <line number="502" hits="0" branch="false"/>
            <line number="503" hits="0" branch="false"/>
            <line number="504" hits="0" branch="false"/>
            <line number="505" hits="0" branch="false"/>
            <line number="507" hits="0" branch="false"/>
            <line number="509" hits="0" branch="true" condition-coverage="0% (0/2)"/>
            <line number="512" hits="0" branch="false"/>
            <line number="518" hits="10" branch="false"/>
            <line number="519" hits="0" branch="false"/>
            <line number="520" hits="0" branch="true" condition-coverage="0% (0/2)"/>
            <line number="521" hits="0" branch="true" condition-coverage="0% (0/2)"/>
            <line number="522" hits="0" branch="false"/>
            <line number="523" hits="0" branch="false"/>
            <line number="527" hits="10" branch="false"/>
            <line number="528" hits="0" branch="false"/>
            <line number="529" hits="0" branch="false"/>
            <line number="530" hits="0" branch="false"/>
            <line number="531" hits="0" branch="false"/>
            <line number="532" hits="0" branch="false"/>
            <line number="533" hits="0" branch="true" condition-coverage="0% (0/2)"/>
            <line number="534" hits="0" branch="false"/>
            <line number="536" hits="0" branch="false"/>
            <line number="540" hits="10" branch="false"/>
            <line number="541" hits="0" branch="false"/>
            <line number="542" hits="0" branch="true" condition-coverage="0% (0/2)"/>
            <line number="543" hits="0" branch="false"/>
            <line number="548" hits="10" branch="false"/>
            <line number="549" hits="0" branch="false"/>
            <line number="550" hits="0" branch="false"/>
            <line number="551" hits="0" branch="false"/>
            <line number="552" hits="0" branch="false"/>
            <line number="553" hits="0" branch="false"/>
            <line number="555" hits="0" branch="false"/>
            <line number="556" hits="0" branch="true" condition-coverage="0% (0/2)"/>
            <line number="559" hits="0" branch="true" condition-coverage="0% (0/2)"/>
            <line number="561" hits="0" branch="false"/>
            <line number="562" hits="0" branch="false"/>
            <line number="563" hits="0" branch="false"/>
            <line number="564" hits="0" branch="false"/>
            <line number="566" hits="0" branch="true" condition-coverage="0% (0/4)"/>
            <line number="567" hits="0" branch="false"/>
            <line number="568" hits="0" branch="false"/>
            <line number="572" hits="0" branch="false"/>
            <line number="580" hits="0" branch="true" condition-coverage="0% (0/2)"/>
            <line number="581" hits="0" branch="false"/>
            <line number="582" hits="0" branch="true" condition-coverage="0% (0/2)"/>
            <line number="583" hits="0" branch="false"/>
            <line number="585" hits="0" branch="false"/>
            <line number="587" hits="0" branch="false"/>
            <line number="588" hits="0" branch="true" condition-coverage="0% (0/2)"/>
            <line number="591" hits="0" branch="false"/>
            <line number="597" hits="0" branch="false"/>
            <line number="599" hits="0" branch="true" condition-coverage="0% (0/2)"/>
            <line number="600" hits="0" branch="false"/>
            <line number="601" hits="0" branch="false"/>
            <line number="604" hits="0" branch="false"/>
            <line number="605" hits="0" branch="false"/>
            <line number="606" hits="0" branch="false"/>
            <line number="607" hits="0" branch="true" condition-coverage="0% (0/2)"/>
            <line number="608" hits="0" branch="true" condition-coverage="0% (0/2)"/>
            <line number="609" hits="0" branch="true" condition-coverage="0% (0/2)"/>
            <line number="610" hits="0" branch="false"/>
            <line number="612" hits="0" branch="false"/>
            <line number="617" hits="0" branch="false"/>
            <line number="618" hits="0" branch="false"/>
            <line number="623" hits="0" branch="true" condition-coverage="0% (0/2)"/>
            <line number="624" hits="0" branch="false"/>
            <line number="627" hits="0" branch="false"/>
            <line number="633" hits="0" branch="true" condition-coverage="0% (0/2)"/>
            <line number="634" hits="0" branch="false"/>
            <line number="637" hits="0" branch="false"/>
            <line number="638" hits="0" branch="false"/>
            <line number="643" hits="0" branch="true" condition-coverage="0% (0/2)"/>
            <line number="644" hits="0" branch="false"/>
            <line number="647" hits="0" branch="false"/>
            <line number="652" hits="0" branch="true" condition-coverage="0% (0/2)"/>
            <line number="653" hits="0" branch="false"/>
            <line number="656" hits="0" branch="false"/>
            <line number="657" hits="0" branch="false"/>
            <line number="662" hits="0" branch="true" condition-coverage="0% (0/2)"/>
            <line number="663" hits="0" branch="false"/>
            <line number="664" hits="0" branch="true" condition-coverage="0% (0/2)"/>
            <line number="665" hits="0" branch="false"/>
            <line number="667" hits="0" branch="false"/>
            <line number="670" hits="0" branch="false"/>
            <line number="675" hits="0" branch="true" condition-coverage="0% (0/2)"/>
            <line number="676" hits="0" branch="false"/>
            <line number="679" hits="0" branch="false"/>
            <line number="683" hits="0" branch="true" condition-coverage="0% (0/2)"/>
            <line number="684" hits="0" branch="false"/>
            <line number="687" hits="0" branch="false"/>
            <line number="691" hits="0" branch="true" condition-coverage="0% (0/4)"/>
            <line number="692" hits="0" branch="false"/>
            <line number="695" hits="0" branch="false"/>
            <line number="697" hits="0" branch="false"/>
            <line number="698" hits="0" branch="false"/>
            <line number="702" hits="0" branch="true" condition-coverage="0% (0/2)"/>
            <line number="703" hits="0" branch="false"/>
            <line number="704" hits="0" branch="false"/>
            <line number="705" hits="0" branch="true" condition-coverage="0% (0/2)"/>
            <line number="706" hits="0" branch="false"/>
            <line number="708" hits="0" branch="false"/>
            <line number="711" hits="0" branch="false"/>
            <line number="716" hits="0" branch="true" condition-coverage="0% (0/2)"/>
            <line number="717" hits="0" branch="false"/>
            <line number="720" hits="0" branch="true" condition-coverage="0% (0/2)"/>
            <line number="722" hits="0" branch="true" condition-coverage="0% (0/2)"/>
            <line number="723" hits="0" branch="false"/>
            <line number="729" hits="0" branch="false"/>
            <line number="732" hits="0" branch="false"/>
            <line number="734" hits="0" branch="false"/>
            <line number="735" hits="0" branch="false"/>
            <line number="736" hits="0" branch="true" condition-coverage="0% (0/2)"/>
            <line number="737" hits="0" branch="true" condition-coverage="0% (0/2)"/>
            <line number="738" hits="0" branch="true" condition-coverage="0% (0/2)"/>
            <line number="742" hits="0" branch="false"/>
            <line number="762" hits="0" branch="true" condition-coverage="0% (0/4)"/>
            <line number="763" hits="0" branch="false"/>
            <line number="766" hits="0" branch="false"/>
            <line number="767" hits="0" branch="false"/>
            <line number="771" hits="4" branch="true" condition-coverage="50% (1/2)"/>
            <line number="772" hits="0" branch="false"/>
            <line number="775" hits="4" branch="false"/>
            <line number="779" hits="0" branch="false"/>
            <line number="780" hits="0" branch="false"/>
            <line number="782" hits="0" branch="true" condition-coverage="0% (0/2)"/>
            <line number="783" hits="0" branch="false"/>
            <line number="784" hits="0" branch="false"/>
            <line number="787" hits="0" branch="false"/>
            <line number="788" hits="0" branch="true" condition-coverage="0% (0/2)"/>
            <line number="789" hits="0" branch="true" condition-coverage="0% (0/2)"/>
            <line number="790" hits="0" branch="true" condition-coverage="0% (0/2)"/>
            <line number="791" hits="0" branch="false"/>
            <line number="792" hits="0" branch="true" condition-coverage="0% (0/2)"/>
            <line number="793" hits="0" branch="false"/>
            <line number="794" hits="0" branch="false"/>
            <line number="797" hits="0" branch="false"/>
            <line number="801" hits="0" branch="false"/>
            <line number="802" hits="0" branch="true" condition-coverage="0% (0/2)"/>
            <line number="803" hits="0" branch="false"/>
            <line number="805" hits="0" branch="true" condition-coverage="0% (0/2)"/>
            <line number="806" hits="0" branch="false"/>
            <line number="807" hits="0" branch="false"/>
            <line number="809" hits="0" branch="false"/>
            <line number="813" hits="0" branch="true" condition-coverage="0% (0/2)"/>
            <line number="814" hits="0" branch="false"/>
            <line number="817" hits="0" branch="false"/>
            <line number="818" hits="0" branch="false"/>
            <line number="823" hits="0" branch="true" condition-coverage="0% (0/2)"/>
            <line number="824" hits="0" branch="false"/>
            <line number="825" hits="0" branch="true" condition-coverage="0% (0/2)"/>
            <line number="826" hits="0" branch="false"/>
            <line number="828" hits="0" branch="true" condition-coverage="0% (0/2)"/>
            <line number="829" hits="0" branch="false"/>
            <line number="831" hits="0" branch="false"/>
            <line number="832" hits="0" branch="true" condition-coverage="0% (0/2)"/>
            <line number="835" hits="0" branch="false"/>
            <line number="840" hits="5" branch="true" condition-coverage="100% (2/2)"/>
            <line number="841" hits="1" branch="false"/>
            <line number="844" hits="4" branch="true" condition-coverage="50% (1/2)"/>
            <line number="845" hits="4" branch="true" condition-coverage="50% (1/2)"/>
            <line number="848" hits="4" branch="false"/>
            <line number="850" hits="4" branch="true" condition-coverage="50% (1/2)"/>
            <line number="851" hits="0" branch="true" condition-coverage="0% (0/2)"/>
            <line number="852" hits="0" branch="false"/>
            <line number="854" hits="0" branch="true" condition-coverage="0% (0/2)"/>
            <line number="855" hits="0" branch="false"/>
            <line number="858" hits="4" branch="true" condition-coverage="50% (1/2)"/>
            <line number="859" hits="4" branch="false"/>
            <line number="861" hits="4" branch="true" condition-coverage="50% (1/2)"/>
            <line number="862" hits="4" branch="false"/>
            <line number="864" hits="4" branch="false"/>
            <line number="865" hits="4" branch="true" condition-coverage="50% (1/2)"/>
            <line number="866" hits="0" branch="false"/>
            <line number="870" hits="4" branch="true" condition-coverage="50% (1/2)"/>
            <line number="871" hits="4" branch="true" condition-coverage="50% (1/2)"/>
            <line number="874" hits="4" branch="true" condition-coverage="50% (1/2)"/>
            <line number="875" hits="4" branch="true" condition-coverage="50% (2/4)"/>
            <line number="881" hits="5" branch="true" condition-coverage="50% (1/2)"/>
            <line number="882" hits="0" branch="false"/>
            <line number="885" hits="5" branch="false"/>
            <line number="894" hits="2" branch="true" condition-coverage="50% (1/2)"/>
            <line number="896" hits="2" branch="false"/>
            <line number="899" hits="2" branch="false"/>
            <line number="900" hits="2" branch="false"/>
            <line number="902" hits="2" branch="false"/>
            <line number="903" hits="0" branch="false"/>
            <line number="909" hits="0" branch="false"/>
            <line number="911" hits="0" branch="true" condition-coverage="0% (0/4)"/>
            <line number="912" hits="0" branch="false"/>
            <line number="915" hits="0" branch="true" condition-coverage="0% (0/2)"/>
            <line number="916" hits="0" branch="false"/>
            <line number="919" hits="0" branch="true" condition-coverage="0% (0/2)"/>
            <line number="920" hits="0" branch="false"/>
            <line number="923" hits="0" branch="false"/>
            <line number="927" hits="100" branch="false"/>
            <line number="928" hits="100" branch="false"/>
            <line number="929" hits="100" branch="false"/>
            <line number="933" hits="100" branch="true" condition-coverage="50% (2/4)"/>
            <line number="934" hits="0" branch="false"/>
            <line number="937" hits="100" branch="true" condition-coverage="50% (1/2)"/>
            <line number="938" hits="0" branch="true" condition-coverage="0% (0/2)"/>
            <line number="939" hits="0" branch="false"/>
            <line number="941" hits="0" branch="false"/>
            <line number="944" hits="100" branch="true" condition-coverage="50% (1/2)"/>
            <line number="945" hits="100" branch="false"/>
            <line number="947" hits="100" branch="true" condition-coverage="50% (1/2)"/>
            <line number="948" hits="0" branch="false"/>
            <line number="951" hits="100" branch="false"/>
            <line number="952" hits="100" branch="true" condition-coverage="50% (1/2)"/>
            <line number="953" hits="100" branch="false"/>
            <line number="954" hits="100" branch="false"/>
            <line number="957" hits="0" branch="false"/>
            <line number="958" hits="0" branch="true" condition-coverage="0% (0/2)"/>
            <line number="959" hits="0" branch="false"/>
            <line number="962" hits="0" branch="false"/>
            <line number="965" hits="0" branch="false"/>
            <line number="966" hits="0" branch="true" condition-coverage="0% (0/2)"/>
            <line number="967" hits="0" branch="false"/>
            <line number="970" hits="0" branch="false"/>
            <line number="974" hits="0" branch="false"/>
            <line number="975" hits="0" branch="false"/>
            <line number="976" hits="0" branch="false"/>
            <line number="977" hits="0" branch="false"/>
            <line number="978" hits="0" branch="false"/>
            <line number="979" hits="0" branch="false"/>
          </lines>
        </class>
      </classes>
    </package>
    <package name="TP06_UnitTests_IS3.src" line-rate="0.6842" branch-rate="0.5">
      <classes>
        <class name="seed.js" filename="src/seed.js" line-rate="0.6842" branch-rate="0.5">
          <methods>
            <method name="seedAdmin" hits="9" signature="()V">
              <lines>
                <line number="4" hits="9"/>
              </lines>
            </method>
            <method name="(anonymous_1)" hits="9" signature="()V">
              <lines>
                <line number="5" hits="9"/>
              </lines>
            </method>
            <method name="(anonymous_2)" hits="9" signature="()V">
              <lines>
                <line number="7" hits="9"/>
              </lines>
            </method>
            <method name="(anonymous_3)" hits="9" signature="()V">
              <lines>
                <line number="23" hits="9"/>
              </lines>
            </method>
          </methods>
          <lines>
            <line number="1" hits="9" branch="false"/>
            <line number="2" hits="9" branch="false"/>
            <line number="5" hits="9" branch="false"/>
            <line number="7" hits="9" branch="false"/>
            <line number="8" hits="9" branch="true" condition-coverage="50% (1/2)"/>
            <line number="9" hits="0" branch="false"/>
            <line number="10" hits="0" branch="false"/>
            <line number="13" hits="9" branch="true" condition-coverage="50% (1/2)"/>
            <line number="14" hits="0" branch="false"/>
            <line number="15" hits="0" branch="false"/>
            <line number="16" hits="0" branch="false"/>
            <line number="20" hits="9" branch="false"/>
            <line number="21" hits="9" branch="false"/>
            <line number="23" hits="9" branch="false"/>
            <line number="24" hits="9" branch="true" condition-coverage="50% (1/2)"/>
            <line number="25" hits="0" branch="false"/>
            <line number="27" hits="9" branch="false"/>
            <line number="28" hits="9" branch="false"/>
            <line number="35" hits="9" branch="false"/>
          </lines>
        </class>
      </classes>
    </package>
    <package name="TP06_UnitTests_IS3.src.config" line-rate="0.75" branch-rate="0.5">
      <classes>
        <class name="database.js" filename="src/config/database.js" line-rate="0.75" branch-rate="0.5">
          <methods>
            <method name="(anonymous_0)" hits="10" signature="()V">
              <lines>
                <line number="7" hits="10"/>
              </lines>
            </method>
            <method name="(anonymous_1)" hits="10" signature="()V">
              <lines>
                <line number="19" hits="10"/>
              </lines>
            </method>
            <method name="(anonymous_2)" hits="10" signature="()V">
              <lines>
                <line number="20" hits="10"/>
              </lines>
            </method>
            <method name="(anonymous_3)" hits="10" signature="()V">
              <lines>
                <line number="21" hits="10"/>
              </lines>
            </method>
            <method name="(anonymous_4)" hits="10" signature="()V">
              <lines>
                <line number="32" hits="10"/>
              </lines>
            </method>
            <method name="(anonymous_5)" hits="10" signature="()V">
              <lines>
                <line number="53" hits="10"/>
              </lines>
            </method>
            <method name="(anonymous_6)" hits="10" signature="()V">
              <lines>
                <line number="74" hits="10"/>
              </lines>
            </method>
          </methods>
          <lines>
            <line number="1" hits="10" branch="false"/>
            <line number="2" hits="10" branch="false"/>
            <line number="4" hits="10" branch="true" condition-coverage="50% (1/2)"/>
            <line number="7" hits="10" branch="false"/>
            <line number="8" hits="10" branch="true" condition-coverage="50% (1/2)"/>
            <line number="9" hits="0" branch="false"/>
            <line number="11" hits="10" branch="false"/>
            <line number="16" hits="10" branch="false"/>
            <line number="19" hits="10" branch="false"/>
            <line number="20" hits="10" branch="false"/>
            <line number="21" hits="10" branch="false"/>
            <line number="23" hits="10" branch="false"/>
            <line number="33" hits="10" branch="true" condition-coverage="50% (1/2)"/>
            <line number="34" hits="0" branch="false"/>
            <line number="36" hits="10" branch="false"/>
            <line number="41" hits="10" branch="false"/>
            <line number="54" hits="10" branch="true" condition-coverage="50% (1/2)"/>
            <line number="55" hits="0" branch="false"/>
            <line number="56" hits="0" branch="false"/>
            <line number="57" hits="0" branch="false"/>
            <line number="60" hits="10" branch="false"/>
            <line number="62" hits="10" branch="false"/>
            <line number="75" hits="10" branch="true" condition-coverage="50% (1/2)"/>
            <line number="76" hits="0" branch="false"/>
            <line number="77" hits="0" branch="false"/>
            <line number="79" hits="10" branch="false"/>
            <line number="80" hits="10" branch="false"/>
            <line number="88" hits="10" branch="false"/>
          </lines>
        </class>
      </classes>
    </package>
    <package name="TP06_UnitTests_IS3.src.middleware" line-rate="1" branch-rate="1">
      <classes>
        <class name="auth.js" filename="src/middleware/auth.js" line-rate="1" branch-rate="1">
          <methods>
            <method name="(anonymous_0)" hits="23" signature="()V">
              <lines>
                <line number="3" hits="23"/>
              </lines>
            </method>
            <method name="(anonymous_1)" hits="2" signature="()V">
              <lines>
                <line number="21" hits="2"/>
              </lines>
            </method>
          </methods>
          <lines>
            <line number="1" hits="4" branch="false"/>
            <line number="3" hits="4" branch="false"/>
            <line number="4" hits="23" branch="false"/>
            <line number="5" hits="23" branch="false"/>
            <line number="7" hits="23" branch="true" condition-coverage="100% (4/4)"/>
            <line number="8" hits="1" branch="false"/>
            <line number="11" hits="22" branch="false"/>
            <line number="13" hits="22" branch="false"/>
            <line number="14" hits="21" branch="false"/>
            <line number="15" hits="21" branch="false"/>
            <line number="17" hits="1" branch="false"/>
            <line number="21" hits="4" branch="false"/>
            <line number="22" hits="2" branch="true" condition-coverage="100% (2/2)"/>
            <line number="23" hits="1" branch="false"/>
            <line number="25" hits="1" branch="false"/>
            <line number="28" hits="4" branch="false"/>
          </lines>
        </class>
      </classes>
    </package>
    <package name="TP06_UnitTests_IS3.src.models" line-rate="0.3333" branch-rate="0.20120000000000002">
      <classes>
        <class name="Task.js" filename="src/models/Task.js" line-rate="0.3568" branch-rate="0.2213">
          <methods>
            <method name="(anonymous_0)" hits="1" signature="()V">
              <lines>
                <line number="8" hits="1"/>
              </lines>
            </method>
            <method name="(anonymous_1)" hits="0" signature="()V">
              <lines>
                <line number="37" hits="0"/>
              </lines>
            </method>
            <method name="(anonymous_2)" hits="0" signature="()V">
              <lines>
                <line number="46" hits="0"/>
              </lines>
            </method>
            <method name="(anonymous_3)" hits="19" signature="()V">
              <lines>
                <line number="68" hits="19"/>
              </lines>
            </method>
            <method name="(anonymous_4)" hits="19" signature="()V">
              <lines>
                <line number="69" hits="19"/>
              </lines>
            </method>
            <method name="(anonymous_5)" hits="18" signature="()V">
              <lines>
                <line number="75" hits="18"/>
              </lines>
            </method>
            <method name="(anonymous_6)" hits="18" signature="()V">
              <lines>
                <line number="83" hits="18"/>
              </lines>
            </method>
            <method name="(anonymous_7)" hits="0" signature="()V">
              <lines>
                <line number="88" hits="0"/>
              </lines>
            </method>
            <method name="(anonymous_8)" hits="18" signature="()V">
              <lines>
                <line number="103" hits="18"/>
              </lines>
            </method>
            <method name="(anonymous_9)" hits="17" signature="()V">
              <lines>
                <line number="105" hits="17"/>
              </lines>
            </method>
            <method name="(anonymous_10)" hits="17" signature="()V">
              <lines>
                <line number="109" hits="17"/>
              </lines>
            </method>
            <method name="(anonymous_11)" hits="0" signature="()V">
              <lines>
                <line number="115" hits="0"/>
              </lines>
            </method>
            <method name="(anonymous_12)" hits="0" signature="()V">
              <lines>
                <line number="116" hits="0"/>
              </lines>
            </method>
            <method name="(anonymous_13)" hits="0" signature="()V">
              <lines>
                <line number="118" hits="0"/>
              </lines>
            </method>
            <method name="(anonymous_14)" hits="0" signature="()V">
              <lines>
                <line number="119" hits="0"/>
              </lines>
            </method>
            <method name="(anonymous_15)" hits="0" signature="()V">
              <lines>
                <line number="127" hits="0"/>
              </lines>
            </method>
            <method name="(anonymous_16)" hits="0" signature="()V">
              <lines>
                <line number="132" hits="0"/>
              </lines>
            </method>
            <method name="(anonymous_17)" hits="0" signature="()V">
              <lines>
                <line number="133" hits="0"/>
              </lines>
            </method>
            <method name="(anonymous_18)" hits="0" signature="()V">
              <lines>
                <line number="140" hits="0"/>
              </lines>
            </method>
            <method name="(anonymous_19)" hits="0" signature="()V">
              <lines>
                <line number="141" hits="0"/>
              </lines>
            </method>
            <method name="(anonymous_20)" hits="0" signature="()V">
              <lines>
                <line number="148" hits="0"/>
              </lines>
            </method>
            <method name="(anonymous_21)" hits="0" signature="()V">
              <lines>
                <line number="158" hits="0"/>
              </lines>
            </method>
            <method name="(anonymous_22)" hits="0" signature="()V">
              <lines>
                <line number="174" hits="0"/>
              </lines>
            </method>
            <method name="(anonymous_23)" hits="8" signature="()V">
              <lines>
                <line number="184" hits="8"/>
              </lines>
            </method>
            <method name="(anonymous_24)" hits="8" signature="()V">
              <lines>
                <line number="185" hits="8"/>
              </lines>
            </method>
            <method name="(anonymous_25)" hits="8" signature="()V">
              <lines>
                <line number="187" hits="8"/>
              </lines>
            </method>
            <method name="(anonymous_26)" hits="1" signature="()V">
              <lines>
                <line number="205" hits="1"/>
              </lines>
            </method>
            <method name="(anonymous_27)" hits="1" signature="()V">
              <lines>
                <line number="206" hits="1"/>
              </lines>
            </method>
            <method name="(anonymous_28)" hits="1" signature="()V">
              <lines>
                <line number="216" hits="1"/>
              </lines>
            </method>
            <method name="(anonymous_29)" hits="0" signature="()V">
              <lines>
                <line number="231" hits="0"/>
              </lines>
            </method>
            <method name="(anonymous_30)" hits="0" signature="()V">
              <lines>
                <line number="232" hits="0"/>
              </lines>
            </method>
            <method name="(anonymous_31)" hits="0" signature="()V">
              <lines>
                <line number="246" hits="0"/>
              </lines>
            </method>
            <method name="(anonymous_32)" hits="0" signature="()V">
              <lines>
                <line number="261" hits="0"/>
              </lines>
            </method>
            <method name="(anonymous_33)" hits="0" signature="()V">
              <lines>
                <line number="262" hits="0"/>
              </lines>
            </method>
            <method name="(anonymous_34)" hits="0" signature="()V">
              <lines>
                <line number="273" hits="0"/>
              </lines>
            </method>
            <method name="(anonymous_35)" hits="0" signature="()V">
              <lines>
                <line number="283" hits="0"/>
              </lines>
            </method>
            <method name="(anonymous_36)" hits="0" signature="()V">
              <lines>
                <line number="284" hits="0"/>
              </lines>
            </method>
            <method name="(anonymous_37)" hits="0" signature="()V">
              <lines>
                <line number="297" hits="0"/>
              </lines>
            </method>
            <method name="(anonymous_38)" hits="17" signature="()V">
              <lines>
                <line number="307" hits="17"/>
              </lines>
            </method>
            <method name="(anonymous_39)" hits="17" signature="()V">
              <lines>
                <line number="308" hits="17"/>
              </lines>
            </method>
            <method name="(anonymous_40)" hits="17" signature="()V">
              <lines>
                <line number="310" hits="17"/>
              </lines>
            </method>
            <method name="(anonymous_41)" hits="3" signature="()V">
              <lines>
                <line number="330" hits="3"/>
              </lines>
            </method>
            <method name="(anonymous_42)" hits="3" signature="()V">
              <lines>
                <line number="331" hits="3"/>
              </lines>
            </method>
            <method name="(anonymous_43)" hits="3" signature="()V">
              <lines>
                <line number="337" hits="3"/>
              </lines>
            </method>
            <method name="(anonymous_44)" hits="0" signature="()V">
              <lines>
                <line number="347" hits="0"/>
              </lines>
            </method>
            <method name="(anonymous_45)" hits="0" signature="()V">
              <lines>
                <line number="348" hits="0"/>
              </lines>
            </method>
            <method name="(anonymous_46)" hits="0" signature="()V">
              <lines>
                <line number="354" hits="0"/>
              </lines>
            </method>
            <method name="(anonymous_47)" hits="1" signature="()V">
              <lines>
                <line number="364" hits="1"/>
              </lines>
            </method>
            <method name="(anonymous_48)" hits="1" signature="()V">
              <lines>
                <line number="365" hits="1"/>
              </lines>
            </method>
            <method name="(anonymous_49)" hits="1" signature="()V">
              <lines>
                <line number="367" hits="1"/>
              </lines>
            </method>
            <method name="(anonymous_50)" hits="1" signature="()V">
              <lines>
                <line number="371" hits="1"/>
              </lines>
            </method>
            <method name="(anonymous_51)" hits="0" signature="()V">
              <lines>
                <line number="375" hits="0"/>
              </lines>
            </method>
            <method name="(anonymous_52)" hits="1" signature="()V">
              <lines>
                <line number="376" hits="1"/>
              </lines>
            </method>
            <method name="(anonymous_53)" hits="0" signature="()V">
              <lines>
                <line number="377" hits="0"/>
              </lines>
            </method>
            <method name="(anonymous_54)" hits="0" signature="()V">
              <lines>
                <line number="388" hits="0"/>
              </lines>
            </method>
            <method name="(anonymous_55)" hits="0" signature="()V">
              <lines>
                <line number="390" hits="0"/>
              </lines>
            </method>
            <method name="(anonymous_56)" hits="0" signature="()V">
              <lines>
                <line number="391" hits="0"/>
              </lines>
            </method>
            <method name="(anonymous_57)" hits="0" signature="()V">
              <lines>
                <line number="397" hits="0"/>
              </lines>
            </method>
            <method name="(anonymous_58)" hits="0" signature="()V">
              <lines>
                <line number="398" hits="0"/>
              </lines>
            </method>
            <method name="(anonymous_59)" hits="0" signature="()V">
              <lines>
                <line number="405" hits="0"/>
              </lines>
            </method>
            <method name="(anonymous_60)" hits="0" signature="()V">
              <lines>
                <line number="416" hits="0"/>
              </lines>
            </method>
            <method name="(anonymous_61)" hits="0" signature="()V">
              <lines>
                <line number="422" hits="0"/>
              </lines>
            </method>
            <method name="(anonymous_62)" hits="0" signature="()V">
              <lines>
                <line number="424" hits="0"/>
              </lines>
            </method>
            <method name="(anonymous_63)" hits="0" signature="()V">
              <lines>
                <line number="425" hits="0"/>
              </lines>
            </method>
            <method name="(anonymous_64)" hits="0" signature="()V">
              <lines>
                <line number="435" hits="0"/>
              </lines>
            </method>
            <method name="(anonymous_65)" hits="0" signature="()V">
              <lines>
                <line number="449" hits="0"/>
              </lines>
            </method>
            <method name="(anonymous_66)" hits="0" signature="()V">
              <lines>
                <line number="451" hits="0"/>
              </lines>
            </method>
            <method name="(anonymous_67)" hits="0" signature="()V">
              <lines>
                <line number="455" hits="0"/>
              </lines>
            </method>
          </methods>
          <lines>
            <line number="1" hits="3" branch="false"/>
            <line number="2" hits="3" branch="false"/>
            <line number="3" hits="3" branch="false"/>
            <line number="5" hits="3" branch="false"/>
            <line number="6" hits="3" branch="false"/>
            <line number="8" hits="3" branch="true" condition-coverage="50% (1/2)"/>
            <line number="9" hits="1" branch="false"/>
            <line number="10" hits="1" branch="false"/>
            <line number="12" hits="1" branch="true" condition-coverage="50% (1/2)"/>
            <line number="13" hits="0" branch="false"/>
            <line number="14" hits="1" branch="true" condition-coverage="50% (1/2)"/>
            <line number="15" hits="0" branch="false"/>
            <line number="18" hits="1" branch="true" condition-coverage="50% (1/2)"/>
            <line number="19" hits="0" branch="false"/>
            <line number="20" hits="0" branch="false"/>
            <line number="23" hits="1" branch="true" condition-coverage="50% (1/2)"/>
            <line number="24" hits="0" branch="false"/>
            <line number="25" hits="0" branch="false"/>
            <line number="28" hits="1" branch="true" condition-coverage="50% (1/2)"/>
            <line number="29" hits="0" branch="false"/>
            <line number="30" hits="0" branch="false"/>
            <line number="31" hits="0" branch="false"/>
            <line number="34" hits="1" branch="false"/>
            <line number="37" hits="3" branch="true" condition-coverage="0% (0/1)"/>
            <line number="38" hits="0" branch="true" condition-coverage="0% (0/2)"/>
            <line number="39" hits="0" branch="false"/>
            <line number="42" hits="0" branch="false"/>
            <line number="43" hits="0" branch="false"/>
            <line number="46" hits="3" branch="true" condition-coverage="0% (0/2)"/>
            <line number="47" hits="0" branch="true" condition-coverage="0% (0/2)"/>
            <line number="48" hits="0" branch="false"/>
            <line number="51" hits="0" branch="false"/>
            <line number="60" hits="0" branch="true" condition-coverage="0% (0/2)"/>
            <line number="61" hits="0" branch="false"/>
            <line number="62" hits="0" branch="false"/>
            <line number="65" hits="0" branch="false"/>
            <line number="68" hits="3" branch="true" condition-coverage="0% (0/2)"/>
            <line number="69" hits="19" branch="false"/>
            <line number="70" hits="19" branch="true" condition-coverage="100% (4/4)"/>
            <line number="71" hits="1" branch="false"/>
            <line number="72" hits="1" branch="false"/>
            <line number="75" hits="18" branch="false"/>
            <line number="76" hits="18" branch="false"/>
            <line number="83" hits="18" branch="false"/>
            <line number="84" hits="18" branch="true" condition-coverage="50% (1/2)"/>
            <line number="85" hits="0" branch="false"/>
            <line number="87" hits="18" branch="false"/>
            <line number="88" hits="18" branch="true" condition-coverage="50% (1/2)"/>
            <line number="89" hits="0" branch="false"/>
            <line number="90" hits="0" branch="true" condition-coverage="0% (0/2)"/>
            <line number="91" hits="0" branch="false"/>
            <line number="93" hits="0" branch="true" condition-coverage="0% (0/2)"/>
            <line number="94" hits="0" branch="false"/>
            <line number="97" hits="18" branch="false"/>
            <line number="103" hits="3" branch="true" condition-coverage="50% (1/2)"/>
            <line number="104" hits="18" branch="true" condition-coverage="50% (1/2)"/>
            <line number="105" hits="18" branch="false"/>
            <line number="107" hits="18" branch="false"/>
            <line number="109" hits="18" branch="false"/>
            <line number="115" hits="3" branch="true" condition-coverage="0% (0/1)"/>
            <line number="116" hits="0" branch="true" condition-coverage="0% (0/2)"/>
            <line number="118" hits="3" branch="false"/>
            <line number="119" hits="0" branch="false"/>
            <line number="120" hits="0" branch="false"/>
            <line number="127" hits="0" branch="false"/>
            <line number="128" hits="0" branch="true" condition-coverage="0% (0/2)"/>
            <line number="129" hits="0" branch="false"/>
            <line number="131" hits="0" branch="true" condition-coverage="0% (0/2)"/>
            <line number="132" hits="0" branch="true" condition-coverage="0% (0/4)"/>
            <line number="133" hits="0" branch="false"/>
            <line number="134" hits="0" branch="false"/>
            <line number="140" hits="3" branch="true" condition-coverage="0% (0/1)"/>
            <line number="141" hits="0" branch="false"/>
            <line number="142" hits="0" branch="false"/>
            <line number="148" hits="0" branch="false"/>
            <line number="149" hits="0" branch="true" condition-coverage="0% (0/2)"/>
            <line number="150" hits="0" branch="false"/>
            <line number="152" hits="0" branch="true" condition-coverage="0% (0/2)"/>
            <line number="158" hits="3" branch="false"/>
            <line number="159" hits="0" branch="true" condition-coverage="0% (0/2)"/>
            <line number="160" hits="0" branch="false"/>
            <line number="163" hits="0" branch="false"/>
            <line number="165" hits="0" branch="false"/>
            <line number="166" hits="0" branch="false"/>
            <line number="168" hits="0" branch="true" condition-coverage="0% (0/2)"/>
            <line number="169" hits="0" branch="false"/>
            <line number="174" hits="3" branch="true" condition-coverage="0% (0/1)"/>
            <line number="175" hits="0" branch="true" condition-coverage="0% (0/2)"/>
            <line number="176" hits="0" branch="true" condition-coverage="0% (0/2)"/>
            <line number="177" hits="0" branch="false"/>
            <line number="178" hits="0" branch="true" condition-coverage="0% (0/2)"/>
            <line number="180" hits="0" branch="false"/>
            <line number="183" hits="3" branch="false"/>
            <line number="185" hits="8" branch="false"/>
            <line number="186" hits="8" branch="false"/>
            <line number="187" hits="8" branch="false"/>
            <line number="188" hits="8" branch="true" condition-coverage="50% (1/2)"/>
            <line number="189" hits="0" branch="false"/>
            <line number="191" hits="8" branch="false"/>
            <line number="206" hits="1" branch="false"/>
            <line number="207" hits="1" branch="false"/>
            <line number="208" hits="1" branch="false"/>
            <line number="210" hits="1" branch="true" condition-coverage="50% (1/2)"/>
            <line number="211" hits="0" branch="false"/>
            <line number="214" hits="1" branch="false"/>
            <line number="216" hits="1" branch="false"/>
            <line number="217" hits="1" branch="true" condition-coverage="50% (1/2)"/>
            <line number="218" hits="0" branch="false"/>
            <line number="220" hits="1" branch="false"/>
            <line number="221" hits="1" branch="true" condition-coverage="50% (1/2)"/>
            <line number="222" hits="1" branch="false"/>
            <line number="224" hits="0" branch="false"/>
            <line number="232" hits="0" branch="false"/>
            <line number="233" hits="0" branch="false"/>
            <line number="234" hits="0" branch="false"/>
            <line number="240" hits="0" branch="true" condition-coverage="0% (0/2)"/>
            <line number="241" hits="0" branch="false"/>
            <line number="244" hits="0" branch="false"/>
            <line number="246" hits="0" branch="false"/>
            <line number="247" hits="0" branch="true" condition-coverage="0% (0/2)"/>
            <line number="248" hits="0" branch="false"/>
            <line number="250" hits="0" branch="false"/>
            <line number="251" hits="0" branch="true" condition-coverage="0% (0/2)"/>
            <line number="252" hits="0" branch="false"/>
            <line number="254" hits="0" branch="false"/>
            <line number="262" hits="0" branch="false"/>
            <line number="263" hits="0" branch="false"/>
            <line number="264" hits="0" branch="false"/>
            <line number="265" hits="0" branch="false"/>
            <line number="273" hits="0" branch="false"/>
            <line number="274" hits="0" branch="true" condition-coverage="0% (0/2)"/>
            <line number="275" hits="0" branch="false"/>
            <line number="277" hits="0" branch="false"/>
            <line number="284" hits="0" branch="false"/>
            <line number="285" hits="0" branch="false"/>
            <line number="286" hits="0" branch="false"/>
            <line number="293" hits="0" branch="true" condition-coverage="0% (0/2)"/>
            <line number="294" hits="0" branch="false"/>
            <line number="297" hits="0" branch="false"/>
            <line number="298" hits="0" branch="true" condition-coverage="0% (0/2)"/>
            <line number="299" hits="0" branch="false"/>
            <line number="301" hits="0" branch="false"/>
            <line number="308" hits="17" branch="false"/>
            <line number="309" hits="17" branch="false"/>
            <line number="310" hits="17" branch="false"/>
            <line number="311" hits="17" branch="true" condition-coverage="50% (1/2)"/>
            <line number="312" hits="0" branch="false"/>
            <line number="314" hits="17" branch="true" condition-coverage="50% (1/2)"/>
            <line number="315" hits="0" branch="false"/>
            <line number="316" hits="0" branch="false"/>
            <line number="319" hits="17" branch="false"/>
            <line number="320" hits="17" branch="false"/>
            <line number="321" hits="17" branch="true" condition-coverage="50% (1/2)"/>
            <line number="323" hits="0" branch="false"/>
            <line number="331" hits="3" branch="false"/>
            <line number="332" hits="3" branch="false"/>
            <line number="337" hits="3" branch="false"/>
            <line number="338" hits="3" branch="true" condition-coverage="50% (1/2)"/>
            <line number="339" hits="0" branch="false"/>
            <line number="341" hits="3" branch="false"/>
            <line number="348" hits="0" branch="false"/>
            <line number="349" hits="0" branch="false"/>
            <line number="354" hits="0" branch="false"/>
            <line number="355" hits="0" branch="true" condition-coverage="0% (0/2)"/>
            <line number="356" hits="0" branch="false"/>
            <line number="358" hits="0" branch="false"/>
            <line number="365" hits="1" branch="false"/>
            <line number="366" hits="1" branch="false"/>
            <line number="368" hits="1" branch="true" condition-coverage="100% (2/2)"/>
            <line number="369" hits="1" branch="false"/>
            <line number="371" hits="1" branch="false"/>
            <line number="372" hits="1" branch="true" condition-coverage="50% (1/2)"/>
            <line number="373" hits="0" branch="false"/>
            <line number="375" hits="1" branch="false"/>
            <line number="376" hits="1" branch="false"/>
            <line number="378" hits="0" branch="false"/>
            <line number="379" hits="0" branch="false"/>
            <line number="388" hits="0" branch="true" condition-coverage="0% (0/1)"/>
            <line number="391" hits="0" branch="false"/>
            <line number="392" hits="0" branch="true" condition-coverage="0% (0/4)"/>
            <line number="393" hits="0" branch="false"/>
            <line number="394" hits="0" branch="false"/>
            <line number="397" hits="0" branch="false"/>
            <line number="398" hits="0" branch="false"/>
            <line number="399" hits="0" branch="false"/>
            <line number="400" hits="0" branch="false"/>
            <line number="405" hits="0" branch="false"/>
            <line number="406" hits="0" branch="true" condition-coverage="0% (0/2)"/>
            <line number="407" hits="0" branch="false"/>
            <line number="409" hits="0" branch="false"/>
            <line number="415" hits="0" branch="false"/>
            <line number="416" hits="0" branch="false"/>
            <line number="422" hits="0" branch="true" condition-coverage="0% (0/1)"/>
            <line number="425" hits="0" branch="false"/>
            <line number="426" hits="0" branch="false"/>
            <line number="427" hits="0" branch="false"/>
            <line number="429" hits="0" branch="true" condition-coverage="0% (0/2)"/>
            <line number="430" hits="0" branch="false"/>
            <line number="431" hits="0" branch="false"/>
            <line number="434" hits="0" branch="false"/>
            <line number="435" hits="0" branch="false"/>
            <line number="436" hits="0" branch="true" condition-coverage="0% (0/2)"/>
            <line number="437" hits="0" branch="false"/>
            <line number="439" hits="0" branch="false"/>
            <line number="440" hits="0" branch="false"/>
            <line number="444" hits="0" branch="false"/>
            <line number="449" hits="0" branch="false"/>
            <line number="452" hits="0" branch="true" condition-coverage="0% (0/2)"/>
            <line number="454" hits="0" branch="false"/>
            <line number="456" hits="0" branch="false"/>
            <line number="457" hits="0" branch="false"/>
[...]
            <line number="69" hits="0" branch="false"/>
            <line number="71" hits="0" branch="true" condition-coverage="0% (0/2)"/>
            <line number="78" hits="0" branch="false"/>
            <line number="79" hits="0" branch="false"/>
            <line number="80" hits="0" branch="false"/>
            <line number="81" hits="0" branch="false"/>
            <line number="83" hits="0" branch="false"/>
            <line number="84" hits="0" branch="false"/>
            <line number="85" hits="0" branch="false"/>
            <line number="87" hits="0" branch="true" condition-coverage="0% (0/2)"/>
            <line number="88" hits="0" branch="false"/>
            <line number="89" hits="0" branch="false"/>
            <line number="92" hits="0" branch="true" condition-coverage="0% (0/2)"/>
            <line number="93" hits="0" branch="false"/>
            <line number="94" hits="0" branch="false"/>
            <line number="97" hits="0" branch="true" condition-coverage="0% (0/4)"/>
            <line number="98" hits="0" branch="false"/>
            <line number="99" hits="0" branch="false"/>
            <line number="102" hits="0" branch="true" condition-coverage="0% (0/2)"/>
            <line number="103" hits="0" branch="false"/>
            <line number="104" hits="0" branch="false"/>
            <line number="107" hits="0" branch="false"/>
            <line number="109" hits="0" branch="false"/>
            <line number="110" hits="0" branch="true" condition-coverage="0% (0/2)"/>
            <line number="111" hits="0" branch="false"/>
            <line number="112" hits="0" branch="false"/>
            <line number="115" hits="0" branch="false"/>
            <line number="117" hits="0" branch="true" condition-coverage="0% (0/2)"/>
            <line number="118" hits="0" branch="false"/>
            <line number="119" hits="0" branch="false"/>
            <line number="121" hits="0" branch="false"/>
            <line number="129" hits="0" branch="false"/>
            <line number="130" hits="0" branch="false"/>
            <line number="131" hits="0" branch="false"/>
            <line number="132" hits="0" branch="true" condition-coverage="0% (0/2)"/>
            <line number="133" hits="0" branch="false"/>
            <line number="135" hits="0" branch="false"/>
            <line number="142" hits="3" branch="false"/>
          </lines>
        </class>
      </classes>
    </package>
    <package name="TP06_UnitTests_IS3.src.routes" line-rate="0.45530000000000004" branch-rate="0.2586">
      <classes>
        <class name="auth.js" filename="src/routes/auth.js" line-rate="0.725" branch-rate="0.6315">
          <methods>
            <method name="(anonymous_0)" hits="6" signature="()V">
              <lines>
                <line number="9" hits="6"/>
              </lines>
            </method>
            <method name="(anonymous_1)" hits="11" signature="()V">
              <lines>
                <line number="63" hits="11"/>
              </lines>
            </method>
          </methods>
          <lines>
            <line number="1" hits="3" branch="false"/>
            <line number="2" hits="3" branch="false"/>
            <line number="3" hits="3" branch="false"/>
            <line number="4" hits="3" branch="false"/>
            <line number="6" hits="3" branch="false"/>
            <line number="9" hits="3" branch="false"/>
            <line number="10" hits="6" branch="false"/>
            <line number="11" hits="6" branch="false"/>
            <line number="14" hits="6" branch="true" condition-coverage="80% (4/5)"/>
            <line number="15" hits="0" branch="false"/>
            <line number="18" hits="6" branch="true" condition-coverage="50% (1/2)"/>
            <line number="19" hits="0" branch="false"/>
            <line number="23" hits="6" branch="false"/>
            <line number="24" hits="6" branch="true" condition-coverage="50% (1/2)"/>
            <line number="25" hits="0" branch="false"/>
            <line number="28" hits="6" branch="false"/>
            <line number="29" hits="6" branch="true" condition-coverage="50% (1/2)"/>
            <line number="30" hits="0" branch="false"/>
            <line number="34" hits="6" branch="false"/>
            <line number="37" hits="6" branch="false"/>
            <line number="40" hits="6" branch="false"/>
            <line number="46" hits="6" branch="false"/>
            <line number="57" hits="0" branch="false"/>
            <line number="58" hits="0" branch="false"/>
            <line number="63" hits="3" branch="false"/>
            <line number="64" hits="11" branch="false"/>
            <line number="65" hits="11" branch="false"/>
            <line number="68" hits="11" branch="true" condition-coverage="75% (3/4)"/>
            <line number="69" hits="0" branch="false"/>
            <line number="73" hits="11" branch="false"/>
            <line number="74" hits="11" branch="true" condition-coverage="50% (1/2)"/>
            <line number="75" hits="0" branch="false"/>
            <line number="79" hits="11" branch="false"/>
            <line number="80" hits="11" branch="true" condition-coverage="50% (1/2)"/>
            <line number="81" hits="0" branch="false"/>
            <line number="85" hits="11" branch="false"/>
            <line number="91" hits="11" branch="false"/>
            <line number="102" hits="0" branch="false"/>
            <line number="103" hits="0" branch="false"/>
            <line number="107" hits="3" branch="false"/>
          </lines>
        </class>
        <class name="tasks.js" filename="src/routes/tasks.js" line-rate="0.496" branch-rate="0.3461">
          <methods>
            <method name="(anonymous_0)" hits="0" signature="()V">
              <lines>
                <line number="16" hits="0"/>
              </lines>
            </method>
            <method name="(anonymous_1)" hits="0" signature="()V">
              <lines>
                <line number="19" hits="0"/>
              </lines>
            </method>
            <method name="(anonymous_2)" hits="1" signature="()V">
              <lines>
                <line number="35" hits="1"/>
              </lines>
            </method>
            <method name="(anonymous_3)" hits="1" signature="()V">
              <lines>
                <line number="67" hits="1"/>
              </lines>
            </method>
            <method name="(anonymous_4)" hits="0" signature="()V">
              <lines>
                <line number="79" hits="0"/>
              </lines>
            </method>
            <method name="(anonymous_5)" hits="0" signature="()V">
              <lines>
                <line number="91" hits="0"/>
              </lines>
            </method>
            <method name="(anonymous_6)" hits="9" signature="()V">
              <lines>
                <line number="108" hits="9"/>
              </lines>
            </method>
            <method name="(anonymous_7)" hits="7" signature="()V">
              <lines>
                <line number="132" hits="7"/>
              </lines>
            </method>
            <method name="(anonymous_8)" hits="0" signature="()V">
              <lines>
                <line number="163" hits="0"/>
              </lines>
            </method>
            <method name="(anonymous_9)" hits="1" signature="()V">
              <lines>
                <line number="187" hits="1"/>
              </lines>
            </method>
            <method name="(anonymous_10)" hits="0" signature="()V">
              <lines>
                <line number="210" hits="0"/>
              </lines>
            </method>
          </methods>
          <lines>
            <line number="1" hits="3" branch="false"/>
            <line number="2" hits="3" branch="false"/>
            <line number="3" hits="3" branch="false"/>
            <line number="4" hits="3" branch="false"/>
            <line number="5" hits="3" branch="false"/>
            <line number="6" hits="3" branch="false"/>
            <line number="8" hits="3" branch="false"/>
            <line number="10" hits="3" branch="false"/>
            <line number="11" hits="3" branch="true" condition-coverage="50% (1/2)"/>
            <line number="12" hits="0" branch="false"/>
            <line number="15" hits="3" branch="false"/>
            <line number="17" hits="0" branch="false"/>
            <line number="20" hits="0" branch="false"/>
            <line number="21" hits="0" branch="false"/>
            <line number="22" hits="0" branch="false"/>
            <line number="23" hits="0" branch="false"/>
            <line number="27" hits="3" branch="false"/>
            <line number="35" hits="3" branch="false"/>
            <line number="36" hits="1" branch="false"/>
            <line number="38" hits="1" branch="true" condition-coverage="50% (1/2)"/>
            <line number="39" hits="0" branch="false"/>
            <line number="40" hits="0" branch="true" condition-coverage="0% (0/4)"/>
            <line number="41" hits="0" branch="false"/>
            <line number="45" hits="1" branch="true" condition-coverage="50% (1/2)"/>
            <line number="46" hits="0" branch="false"/>
            <line number="49" hits="1" branch="true" condition-coverage="50% (1/2)"/>
            <line number="50" hits="0" branch="false"/>
            <line number="53" hits="1" branch="true" condition-coverage="50% (1/2)"/>
            <line number="54" hits="0" branch="false"/>
            <line number="55" hits="0" branch="true" condition-coverage="0% (0/2)"/>
            <line number="56" hits="0" branch="false"/>
            <line number="60" hits="1" branch="false"/>
            <line number="64" hits="3" branch="false"/>
            <line number="67" hits="3" branch="false"/>
            <line number="68" hits="1" branch="false"/>
            <line number="69" hits="1" branch="false"/>
            <line number="70" hits="1" branch="false"/>
            <line number="71" hits="1" branch="false"/>
            <line number="73" hits="0" branch="false"/>
            <line number="74" hits="0" branch="false"/>
            <line number="79" hits="3" branch="false"/>
            <line number="80" hits="0" branch="false"/>
            <line number="81" hits="0" branch="false"/>
            <line number="82" hits="0" branch="false"/>
            <line number="83" hits="0" branch="false"/>
            <line number="85" hits="0" branch="false"/>
            <line number="86" hits="0" branch="false"/>
            <line number="91" hits="3" branch="false"/>
            <line number="92" hits="0" branch="false"/>
            <line number="93" hits="0" branch="false"/>
            <line number="94" hits="0" branch="true" condition-coverage="0% (0/2)"/>
            <line number="96" hits="0" branch="true" condition-coverage="0% (0/4)"/>
            <line number="100" hits="0" branch="false"/>
            <line number="102" hits="0" branch="false"/>
            <line number="103" hits="0" branch="false"/>
            <line number="108" hits="3" branch="false"/>
            <line number="109" hits="9" branch="false"/>
            <line number="110" hits="9" branch="false"/>
            <line number="112" hits="9" branch="true" condition-coverage="100% (2/2)"/>
            <line number="113" hits="1" branch="false"/>
            <line number="116" hits="8" branch="true" condition-coverage="50% (1/2)"/>
            <line number="117" hits="8" branch="false"/>
            <line number="119" hits="8" branch="true" condition-coverage="50% (1/2)"/>
            <line number="120" hits="0" branch="false"/>
            <line number="123" hits="8" branch="false"/>
            <line number="124" hits="8" branch="false"/>
            <line number="126" hits="0" branch="false"/>
            <line number="127" hits="0" branch="false"/>
            <line number="132" hits="3" branch="false"/>
            <line number="133" hits="7" branch="false"/>
            <line number="134" hits="7" branch="false"/>
            <line number="135" hits="7" branch="false"/>
            <line number="138" hits="7" branch="false"/>
            <line number="139" hits="7" branch="true" condition-coverage="100% (2/2)"/>
            <line number="140" hits="1" branch="false"/>
            <line number="143" hits="6" branch="true" condition-coverage="100% (2/2)"/>
            <line number="144" hits="2" branch="false"/>
            <line number="147" hits="4" branch="false"/>
            <line number="149" hits="3" branch="true" condition-coverage="100% (2/2)"/>
            <line number="150" hits="3" branch="true" condition-coverage="50% (1/2)"/>
            <line number="151" hits="0" branch="false"/>
            <line number="154" hits="3" branch="false"/>
            <line number="155" hits="3" branch="false"/>
            <line number="157" hits="1" branch="false"/>
            <line number="158" hits="1" branch="false"/>
            <line number="163" hits="3" branch="false"/>
            <line number="164" hits="0" branch="false"/>
            <line number="165" hits="0" branch="false"/>
            <line number="168" hits="0" branch="false"/>
            <line number="169" hits="0" branch="true" condition-coverage="0% (0/2)"/>
            <line number="170" hits="0" branch="false"/>
            <line number="173" hits="0" branch="true" condition-coverage="0% (0/2)"/>
            <line number="174" hits="0" branch="false"/>
            <line number="177" hits="0" branch="false"/>
            <line number="178" hits="0" branch="false"/>
            <line number="179" hits="0" branch="false"/>
            <line number="181" hits="0" branch="false"/>
            <line number="182" hits="0" branch="false"/>
            <line number="187" hits="3" branch="false"/>
            <line number="188" hits="1" branch="false"/>
            <line number="189" hits="1" branch="false"/>
            <line number="192" hits="1" branch="false"/>
            <line number="193" hits="1" branch="true" condition-coverage="50% (1/2)"/>
            <line number="194" hits="0" branch="false"/>
            <line number="197" hits="1" branch="true" condition-coverage="50% (1/2)"/>
            <line number="198" hits="0" branch="false"/>
            <line number="201" hits="1" branch="false"/>
            <line number="202" hits="1" branch="false"/>
            <line number="204" hits="0" branch="false"/>
            <line number="205" hits="0" branch="false"/>
            <line number="210" hits="3" branch="false"/>
            <line number="211" hits="0" branch="false"/>
            <line number="212" hits="0" branch="false"/>
            <line number="214" hits="0" branch="false"/>
            <line number="215" hits="0" branch="true" condition-coverage="0% (0/2)"/>
            <line number="216" hits="0" branch="false"/>
            <line number="219" hits="0" branch="true" condition-coverage="0% (0/2)"/>
            <line number="220" hits="0" branch="false"/>
            <line number="223" hits="0" branch="false"/>
            <line number="225" hits="0" branch="true" condition-coverage="0% (0/4)"/>
            <line number="226" hits="0" branch="false"/>
            <line number="229" hits="0" branch="false"/>
            <line number="230" hits="0" branch="false"/>
            <line number="232" hits="0" branch="false"/>
            <line number="234" hits="0" branch="false"/>
            <line number="235" hits="0" branch="false"/>
            <line number="239" hits="3" branch="false"/>
          </lines>
        </class>
        <class name="users.js" filename="src/routes/users.js" line-rate="0.1754" branch-rate="0">
          <methods>
            <method name="(anonymous_0)" hits="0" signature="()V">
              <lines>
                <line number="10" hits="0"/>
              </lines>
            </method>
            <method name="(anonymous_1)" hits="0" signature="()V">
              <lines>
                <line number="20" hits="0"/>
              </lines>
            </method>
            <method name="(anonymous_2)" hits="0" signature="()V">
              <lines>
                <line number="75" hits="0"/>
              </lines>
            </method>
          </methods>
          <lines>
            <line number="1" hits="3" branch="false"/>
            <line number="2" hits="3" branch="false"/>
            <line number="3" hits="3" branch="false"/>
            <line number="4" hits="3" branch="false"/>
            <line number="6" hits="3" branch="false"/>
            <line number="8" hits="3" branch="false"/>
            <line number="10" hits="3" branch="false"/>
            <line number="11" hits="0" branch="false"/>
            <line number="12" hits="0" branch="false"/>
            <line number="13" hits="0" branch="false"/>
            <line number="15" hits="0" branch="false"/>
            <line number="16" hits="0" branch="false"/>
            <line number="20" hits="3" branch="false"/>
            <line number="21" hits="0" branch="false"/>
            <line number="23" hits="0" branch="true" condition-coverage="0% (0/4)"/>
            <line number="24" hits="0" branch="false"/>
            <line number="27" hits="0" branch="true" condition-coverage="0% (0/2)"/>
            <line number="28" hits="0" branch="false"/>
            <line number="30" hits="0" branch="true" condition-coverage="0% (0/4)"/>
            <line number="31" hits="0" branch="false"/>
            <line number="34" hits="0" branch="true" condition-coverage="0% (0/4)"/>
            <line number="35" hits="0" branch="false"/>
            <line number="38" hits="0" branch="true" condition-coverage="0% (0/5)"/>
            <line number="39" hits="0" branch="false"/>
            <line number="42" hits="0" branch="true" condition-coverage="0% (0/4)"/>
            <line number="43" hits="0" branch="false"/>
            <line number="46" hits="0" branch="false"/>
            <line number="47" hits="0" branch="false"/>
            <line number="49" hits="0" branch="true" condition-coverage="0% (0/2)"/>
            <line number="50" hits="0" branch="false"/>
            <line number="53" hits="0" branch="false"/>
            <line number="55" hits="0" branch="false"/>
            <line number="57" hits="0" branch="true" condition-coverage="0% (0/4)"/>
            <line number="58" hits="0" branch="false"/>
            <line number="60" hits="0" branch="true" condition-coverage="0% (0/2)"/>
            <line number="61" hits="0" branch="true" condition-coverage="0% (0/2)"/>
            <line number="62" hits="0" branch="false"/>
            <line number="63" hits="0" branch="true" condition-coverage="0% (0/2)"/>
            <line number="64" hits="0" branch="false"/>
            <line number="68" hits="0" branch="false"/>
            <line number="71" hits="0" branch="false"/>
            <line number="75" hits="3" branch="false"/>
            <line number="76" hits="0" branch="false"/>
            <line number="78" hits="0" branch="true" condition-coverage="0% (0/4)"/>
            <line number="79" hits="0" branch="false"/>
            <line number="82" hits="0" branch="true" condition-coverage="0% (0/2)"/>
            <line number="83" hits="0" branch="false"/>
            <line number="86" hits="0" branch="false"/>
            <line number="87" hits="0" branch="false"/>
            <line number="88" hits="0" branch="false"/>
            <line number="90" hits="0" branch="true" condition-coverage="0% (0/4)"/>
            <line number="91" hits="0" branch="false"/>
            <line number="94" hits="0" branch="false"/>
            <line number="96" hits="0" branch="false"/>
            <line number="98" hits="0" branch="false"/>
            <line number="99" hits="0" branch="false"/>
            <line number="103" hits="3" branch="false"/>
          </lines>
        </class>
      </classes>
    </package>
  </packages>
</coverage>
