TN:
SF:server.js
FN:49,(anonymous_0)
FN:54,(anonymous_1)
FN:61,startServer
FN:78,(anonymous_3)
FNF:4
FNH:0
FNDA:0,(anonymous_0)
FNDA:0,(anonymous_1)
FNDA:0,startServer
FNDA:0,(anonymous_3)
DA:1,3
DA:2,3
DA:3,3
DA:4,3
DA:5,3
DA:6,3
DA:7,3
DA:8,3
DA:9,3
DA:10,3
DA:11,3
DA:12,3
DA:14,3
DA:15,3
DA:18,3
DA:21,3
DA:24,3
DA:28,3
DA:31,3
DA:32,3
DA:35,3
DA:37,3
DA:38,3
DA:39,0
DA:41,3
DA:44,3
DA:45,3
DA:46,3
DA:49,3
DA:50,0
DA:54,3
DA:55,0
DA:62,0
DA:64,0
DA:65,0
DA:66,0
DA:67,0
DA:68,0
DA:69,0
DA:71,0
DA:75,0
DA:76,0
DA:78,0
DA:79,0
DA:80,0
DA:81,0
DA:82,0
DA:83,0
DA:86,0
DA:87,0
DA:91,3
DA:94,3
DA:95,0
LF:53
LH:31
BRDA:15,0,0,3
BRDA:15,0,1,0
BRDA:38,1,0,0
BRDA:38,1,1,3
BRDA:64,2,0,0
BRDA:64,2,1,0
BRDA:67,3,0,0
BRDA:67,3,1,0
BRDA:94,4,0,0
BRDA:94,4,1,3
BRF:10
BRH:3
end_of_record
TN:
SF:public/app.js
FN:55,(anonymous_0)
FN:69,showLoginPage
FN:75,showRegisterPage
FN:81,showTasksPage
FN:98,(anonymous_4)
FN:134,(anonymous_5)
FN:165,(anonymous_6)
FN:174,(anonymous_7)
FN:179,(anonymous_8)
FN:185,loadTasks
FN:238,buildFiltersQueryParams
FN:260,loadStats
FN:293,setStatsLoading
FN:305,setStatsError
FN:317,updateStatsValues
FN:334,updateStatsSubtitle
FN:344,displayTasks
FN:364,(anonymous_17)
FN:369,(anonymous_18)
FN:427,(anonymous_19)
FN:435,(anonymous_20)
FN:443,(anonymous_21)
FN:449,(anonymous_22)
FN:455,(anonymous_23)
FN:461,(anonymous_24)
FN:469,(anonymous_25)
FN:475,(anonymous_26)
FN:518,(anonymous_27)
FN:527,(anonymous_28)
FN:540,(anonymous_29)
FN:548,(anonymous_30)
FN:567,(anonymous_31)
FN:596,editTask
FN:597,(anonymous_33)
FN:616,toggleComplete
FN:632,deleteTask
FN:651,deleteAttachment
FN:674,setUsersLoading
FN:682,setUsersError
FN:690,loadUsers
FN:715,displayUsers
FN:734,(anonymous_41)
FN:761,openAdminUsersModal
FN:770,closeAdminUsersModal
FN:778,openUserModal
FN:780,(anonymous_45)
FN:800,closeUserModal
FN:812,deleteUserAccount
FN:839,updateUserHeader
FN:880,syncFiltersFromForm
FN:893,showError
FN:902,(anonymous_51)
FN:908,formatFileSize
FN:926,escapeHtml
FN:932,formatDueDate
FN:973,logout
FNF:56
FNH:16
FNDA:0,(anonymous_0)
FNDA:0,showLoginPage
FNDA:0,showRegisterPage
FNDA:5,showTasksPage
FNDA:7,(anonymous_4)
FNDA:0,(anonymous_5)
FNDA:0,(anonymous_6)
FNDA:0,(anonymous_7)
FNDA:0,(anonymous_8)
FNDA:5,loadTasks
FNDA:8,buildFiltersQueryParams
FNDA:4,loadStats
FNDA:3,setStatsLoading
FNDA:0,setStatsError
FNDA:3,updateStatsValues
FNDA:5,updateStatsSubtitle
FNDA:4,displayTasks
FNDA:100,(anonymous_17)
FNDA:0,(anonymous_18)
FNDA:0,(anonymous_19)
FNDA:0,(anonymous_20)
FNDA:0,(anonymous_21)
FNDA:0,(anonymous_22)
FNDA:0,(anonymous_23)
FNDA:0,(anonymous_24)
FNDA:0,(anonymous_25)
FNDA:0,(anonymous_26)
FNDA:0,(anonymous_27)
FNDA:0,(anonymous_28)
FNDA:0,(anonymous_29)
FNDA:0,(anonymous_30)
FNDA:0,(anonymous_31)
FNDA:0,editTask
FNDA:0,(anonymous_33)
FNDA:0,toggleComplete
FNDA:0,deleteTask
FNDA:0,deleteAttachment
FNDA:0,setUsersLoading
FNDA:0,setUsersError
FNDA:0,loadUsers
FNDA:0,displayUsers
FNDA:0,(anonymous_41)
FNDA:0,openAdminUsersModal
FNDA:4,closeAdminUsersModal
FNDA:0,openUserModal
FNDA:0,(anonymous_45)
FNDA:0,closeUserModal
FNDA:0,deleteUserAccount
FNDA:5,updateUserHeader
FNDA:5,syncFiltersFromForm
FNDA:2,showError
FNDA:0,(anonymous_51)
FNDA:0,formatFileSize
FNDA:100,escapeHtml
FNDA:100,formatDueDate
FNDA:0,logout
DA:2,10
DA:5,10
DA:6,10
DA:7,10
DA:8,10
DA:9,10
DA:10,10
DA:11,10
DA:12,10
DA:15,10
DA:16,10
DA:17,10
DA:18,10
DA:19,10
DA:20,10
DA:21,10
DA:22,10
DA:23,10
DA:24,10
DA:25,10
DA:26,10
DA:27,10
DA:28,10
DA:29,10
DA:30,10
DA:31,10
DA:32,10
DA:33,10
DA:34,10
DA:35,10
DA:36,10
DA:37,10
DA:38,10
DA:39,10
DA:40,10
DA:41,10
DA:42,10
DA:43,10
DA:44,10
DA:45,10
DA:46,10
DA:47,10
DA:48,10
DA:49,10
DA:50,10
DA:51,10
DA:52,10
DA:55,10
DA:56,0
DA:57,0
DA:59,0
DA:60,0
DA:61,0
DA:62,0
DA:64,0
DA:70,0
DA:71,0
DA:72,0
DA:76,0
DA:77,0
DA:78,0
DA:82,5
DA:83,5
DA:84,5
DA:86,5
DA:88,5
DA:89,5
DA:90,5
DA:93,5
DA:94,5
DA:98,10
DA:99,7
DA:100,7
DA:101,7
DA:102,7
DA:104,7
DA:105,7
DA:112,7
DA:113,5
DA:114,5
DA:115,5
DA:116,5
DA:117,5
DA:118,5
DA:120,2
DA:121,1
DA:123,1
DA:125,2
DA:128,0
DA:134,10
DA:135,0
DA:136,0
DA:137,0
DA:138,0
DA:139,0
DA:141,0
DA:142,0
DA:148,0
DA:150,0
DA:151,0
DA:152,0
DA:153,0
DA:154,0
DA:155,0
DA:157,0
DA:160,0
DA:165,10
DA:166,0
DA:167,0
DA:168,0
DA:169,0
DA:170,0
DA:174,10
DA:175,0
DA:176,0
DA:179,10
DA:180,0
DA:181,0
DA:186,5
DA:188,5
DA:189,5
DA:192,5
DA:193,5
DA:194,5
DA:196,5
DA:197,5
DA:201,5
DA:202,4
DA:204,4
DA:205,4
DA:206,4
DA:207,1
DA:208,0
DA:210,1
DA:217,1
DA:218,1
DA:219,1
DA:220,1
DA:225,0
DA:230,0
DA:231,0
DA:232,0
DA:233,0
DA:239,8
DA:241,8
DA:242,0
DA:245,8
DA:246,0
DA:249,8
DA:250,0
DA:253,8
DA:254,0
DA:257,8
DA:261,4
DA:262,1
DA:265,3
DA:267,3
DA:268,3
DA:269,0
DA:272,3
DA:273,3
DA:275,3
DA:276,3
DA:280,3
DA:281,3
DA:282,3
DA:283,0
DA:284,0
DA:286,0
DA:289,0
DA:294,3
DA:295,0
DA:298,3
DA:299,3
DA:300,3
DA:301,3
DA:302,3
DA:306,0
DA:307,0
DA:310,0
DA:311,0
DA:312,0
DA:313,0
DA:314,0
DA:318,3
DA:319,0
DA:322,3
DA:323,3
DA:324,3
DA:325,3
DA:327,3
DA:328,3
DA:329,3
DA:330,3
DA:331,3
DA:335,5
DA:336,0
DA:339,5
DA:340,5
DA:345,4
DA:347,4
DA:348,3
DA:349,3
DA:350,3
DA:351,3
DA:355,3
DA:361,3
DA:364,1
DA:365,100
DA:366,100
DA:367,100
DA:369,100
DA:370,0
DA:371,0
DA:374,0
DA:375,0
DA:379,0
DA:389,100
DA:400,100
DA:426,10
DA:427,10
DA:428,0
DA:429,0
DA:430,0
DA:434,10
DA:435,10
DA:436,0
DA:437,0
DA:438,0
DA:442,10
DA:443,10
DA:444,0
DA:448,10
DA:449,10
DA:450,0
DA:454,10
DA:455,10
DA:456,0
DA:460,10
DA:461,10
DA:462,0
DA:463,0
DA:468,10
DA:469,10
DA:470,0
DA:474,10
DA:475,10
DA:476,0
DA:478,0
DA:479,0
DA:482,0
DA:483,0
DA:484,0
DA:486,0
DA:487,0
DA:496,0
DA:498,0
DA:499,0
DA:500,0
DA:501,0
DA:502,0
DA:503,0
DA:504,0
DA:505,0
DA:507,0
DA:509,0
DA:512,0
DA:518,10
DA:519,0
DA:520,0
DA:521,0
DA:522,0
DA:523,0
DA:527,10
DA:528,0
DA:529,0
DA:530,0
DA:531,0
DA:532,0
DA:533,0
DA:534,0
DA:536,0
DA:540,10
DA:541,0
DA:542,0
DA:543,0
DA:548,10
DA:549,0
DA:550,0
DA:551,0
DA:552,0
DA:553,0
DA:555,0
DA:556,0
DA:559,0
DA:561,0
DA:562,0
DA:563,0
DA:564,0
DA:566,0
DA:567,0
DA:568,0
DA:572,0
DA:580,0
DA:581,0
DA:582,0
DA:583,0
DA:585,0
DA:587,0
DA:588,0
DA:591,0
DA:597,0
DA:599,0
DA:600,0
DA:601,0
DA:604,0
DA:605,0
DA:606,0
DA:607,0
DA:608,0
DA:609,0
DA:610,0
DA:612,0
DA:617,0
DA:618,0
DA:623,0
DA:624,0
DA:627,0
DA:633,0
DA:634,0
DA:637,0
DA:638,0
DA:643,0
DA:644,0
DA:647,0
DA:652,0
DA:653,0
DA:656,0
DA:657,0
DA:662,0
DA:663,0
DA:664,0
DA:665,0
DA:667,0
DA:670,0
DA:675,0
DA:676,0
DA:679,0
DA:683,0
DA:684,0
DA:687,0
DA:691,0
DA:692,0
DA:695,0
DA:697,0
DA:698,0
DA:702,0
DA:703,0
DA:704,0
DA:705,0
DA:706,0
DA:708,0
DA:711,0
DA:716,0
DA:717,0
DA:720,0
DA:722,0
DA:723,0
DA:729,0
DA:732,0
DA:734,0
DA:735,0
DA:736,0
DA:737,0
DA:738,0
DA:742,0
DA:762,0
DA:763,0
DA:766,0
DA:767,0
DA:771,4
DA:772,0
DA:775,4
DA:779,0
DA:780,0
DA:782,0
DA:783,0
DA:784,0
DA:787,0
DA:788,0
DA:789,0
DA:790,0
DA:791,0
DA:792,0
DA:793,0
DA:794,0
DA:797,0
DA:801,0
DA:802,0
DA:803,0
DA:805,0
DA:806,0
DA:807,0
DA:809,0
DA:813,0
DA:814,0
DA:817,0
DA:818,0
DA:823,0
DA:824,0
DA:825,0
DA:826,0
DA:828,0
DA:829,0
DA:831,0
DA:832,0
DA:835,0
DA:840,5
DA:841,1
DA:844,4
DA:845,4
DA:848,4
DA:850,4
DA:851,0
DA:852,0
DA:854,0
DA:855,0
DA:858,4
DA:859,4
DA:861,4
DA:862,4
DA:864,4
DA:865,4
DA:866,0
DA:870,4
DA:871,4
DA:874,4
DA:875,4
DA:881,5
DA:882,0
DA:885,5
DA:894,2
DA:896,2
DA:899,2
DA:900,2
DA:902,2
DA:903,0
DA:909,0
DA:911,0
DA:912,0
DA:915,0
DA:916,0
DA:919,0
DA:920,0
DA:923,0
DA:927,100
DA:928,100
DA:929,100
DA:933,100
DA:934,0
DA:937,100
DA:938,0
DA:939,0
DA:941,0
DA:944,100
DA:945,100
DA:947,100
DA:948,0
DA:951,100
DA:952,100
DA:953,100
DA:954,100
DA:957,0
DA:958,0
DA:959,0
DA:962,0
DA:965,0
DA:966,0
DA:967,0
DA:970,0
DA:974,0
DA:975,0
DA:976,0
DA:977,0
DA:978,0
DA:979,0
LF:486
LH:207
BRDA:59,0,0,0
BRDA:59,0,1,0
BRDA:59,1,0,0
BRDA:59,1,1,0
BRDA:88,2,0,5
BRDA:88,2,1,0
BRDA:112,3,0,5
BRDA:112,3,1,2
BRDA:120,4,0,1
BRDA:120,4,1,1
BRDA:150,5,0,0
BRDA:150,5,1,0
BRDA:157,6,0,0
BRDA:157,6,1,0
BRDA:186,7,0,0
BRDA:186,7,1,5
BRDA:188,8,0,5
BRDA:188,8,1,0
BRDA:194,9,0,0
BRDA:194,9,1,5
BRDA:201,10,0,4
BRDA:201,10,1,1
BRDA:204,11,0,2
BRDA:204,11,1,2
BRDA:204,12,0,0
BRDA:204,12,1,2
BRDA:207,13,0,0
BRDA:207,13,1,1
BRDA:218,14,0,1
BRDA:218,14,1,0
BRDA:231,15,0,0
BRDA:231,15,1,0
BRDA:241,16,0,0
BRDA:241,16,1,8
BRDA:241,17,0,8
BRDA:241,17,1,8
BRDA:245,18,0,0
BRDA:245,18,1,8
BRDA:249,19,0,0
BRDA:249,19,1,8
BRDA:253,20,0,0
BRDA:253,20,1,8
BRDA:261,21,0,1
BRDA:261,21,1,3
BRDA:261,22,0,4
BRDA:261,22,1,4
BRDA:268,23,0,0
BRDA:268,23,1,3
BRDA:268,24,0,3
BRDA:268,24,1,0
BRDA:273,25,0,0
BRDA:273,25,1,3
BRDA:280,26,0,3
BRDA:280,26,1,0
BRDA:283,27,0,0
BRDA:283,27,1,0
BRDA:294,28,0,0
BRDA:294,28,1,3
BRDA:306,29,0,0
BRDA:306,29,1,0
BRDA:317,30,0,0
BRDA:318,31,0,0
BRDA:318,31,1,3
BRDA:322,32,0,3
BRDA:322,32,1,3
BRDA:323,33,0,3
BRDA:323,33,1,2
BRDA:324,34,0,3
BRDA:324,34,1,2
BRDA:325,35,0,3
BRDA:325,35,1,3
BRDA:335,36,0,0
BRDA:335,36,1,5
BRDA:339,37,0,5
BRDA:339,37,1,0
BRDA:340,38,0,0
BRDA:340,38,1,5
BRDA:345,39,0,4
BRDA:345,39,1,0
BRDA:347,40,0,3
BRDA:347,40,1,1
BRDA:348,41,0,3
BRDA:348,41,1,0
BRDA:348,42,0,3
BRDA:348,42,1,3
BRDA:349,43,0,3
BRDA:349,43,1,3
BRDA:349,43,2,3
BRDA:349,43,3,3
BRDA:349,43,4,3
BRDA:350,44,0,0
BRDA:350,44,1,3
BRDA:351,45,0,0
BRDA:351,45,1,3
BRDA:367,46,0,0
BRDA:367,46,1,100
BRDA:370,47,0,0
BRDA:370,47,1,0
BRDA:371,48,0,0
BRDA:371,48,1,0
BRDA:371,49,0,0
BRDA:371,49,1,0
BRDA:374,50,0,0
BRDA:374,50,1,0
BRDA:375,51,0,0
BRDA:375,51,1,0
BRDA:389,52,0,0
BRDA:389,52,1,100
BRDA:401,53,0,0
BRDA:401,53,1,100
BRDA:407,54,0,0
BRDA:407,54,1,100
BRDA:408,55,0,0
BRDA:408,55,1,100
BRDA:410,56,0,0
BRDA:410,56,1,100
BRDA:412,57,0,100
BRDA:412,57,1,0
BRDA:415,58,0,0
BRDA:415,58,1,100
BRDA:426,59,0,10
BRDA:426,59,1,0
BRDA:434,60,0,10
BRDA:434,60,1,0
BRDA:434,61,0,10
BRDA:434,61,1,10
BRDA:442,62,0,10
BRDA:442,62,1,0
BRDA:448,63,0,10
BRDA:448,63,1,0
BRDA:454,64,0,10
BRDA:454,64,1,0
BRDA:460,65,0,10
BRDA:460,65,1,0
BRDA:462,66,0,0
BRDA:462,66,1,0
BRDA:468,67,0,10
BRDA:468,67,1,0
BRDA:474,68,0,10
BRDA:474,68,1,0
BRDA:478,69,0,0
BRDA:478,69,1,0
BRDA:498,70,0,0
BRDA:498,70,1,0
BRDA:500,71,0,0
BRDA:500,71,1,0
BRDA:500,72,0,0
BRDA:500,72,1,0
BRDA:509,73,0,0
BRDA:509,73,1,0
BRDA:520,74,0,0
BRDA:520,74,1,0
BRDA:521,75,0,0
BRDA:521,75,1,0
BRDA:533,76,0,0
BRDA:533,76,1,0
BRDA:542,77,0,0
BRDA:542,77,1,0
BRDA:556,78,0,0
BRDA:556,78,1,0
BRDA:559,79,0,0
BRDA:559,79,1,0
BRDA:566,80,0,0
BRDA:566,80,1,0
BRDA:566,81,0,0
BRDA:566,81,1,0
BRDA:580,82,0,0
BRDA:580,82,1,0
BRDA:582,83,0,0
BRDA:582,83,1,0
BRDA:588,84,0,0
BRDA:588,84,1,0
BRDA:599,85,0,0
BRDA:599,85,1,0
BRDA:607,86,0,0
BRDA:607,86,1,0
BRDA:608,87,0,0
BRDA:608,87,1,0
BRDA:609,88,0,0
BRDA:609,88,1,0
BRDA:623,89,0,0
BRDA:623,89,1,0
BRDA:633,90,0,0
BRDA:633,90,1,0
BRDA:643,91,0,0
BRDA:643,91,1,0
BRDA:652,92,0,0
BRDA:652,92,1,0
BRDA:662,93,0,0
BRDA:662,93,1,0
BRDA:664,94,0,0
BRDA:664,94,1,0
BRDA:675,95,0,0
BRDA:675,95,1,0
BRDA:683,96,0,0
BRDA:683,96,1,0
BRDA:691,97,0,0
BRDA:691,97,1,0
BRDA:691,98,0,0
BRDA:691,98,1,0
BRDA:702,99,0,0
BRDA:702,99,1,0
BRDA:705,100,0,0
BRDA:705,100,1,0
BRDA:716,101,0,0
BRDA:716,101,1,0
BRDA:720,102,0,0
BRDA:720,102,1,0
BRDA:722,103,0,0
BRDA:722,103,1,0
BRDA:736,104,0,0
BRDA:736,104,1,0
BRDA:737,105,0,0
BRDA:737,105,1,0
BRDA:738,106,0,0
BRDA:738,106,1,0
BRDA:748,107,0,0
BRDA:748,107,1,0
BRDA:749,108,0,0
BRDA:749,108,1,0
BRDA:762,109,0,0
BRDA:762,109,1,0
BRDA:762,110,0,0
BRDA:762,110,1,0
BRDA:771,111,0,0
BRDA:771,111,1,4
BRDA:782,112,0,0
BRDA:782,112,1,0
BRDA:788,113,0,0
BRDA:788,113,1,0
BRDA:789,114,0,0
BRDA:789,114,1,0
BRDA:790,115,0,0
BRDA:790,115,1,0
BRDA:792,116,0,0
BRDA:792,116,1,0
BRDA:802,117,0,0
BRDA:802,117,1,0
BRDA:805,118,0,0
BRDA:805,118,1,0
BRDA:813,119,0,0
BRDA:813,119,1,0
BRDA:823,120,0,0
BRDA:823,120,1,0
BRDA:825,121,0,0
BRDA:825,121,1,0
BRDA:828,122,0,0
BRDA:828,122,1,0
BRDA:832,123,0,0
BRDA:832,123,1,0
BRDA:840,124,0,1
BRDA:840,124,1,4
BRDA:844,125,0,4
BRDA:844,125,1,0
BRDA:845,126,0,0
BRDA:845,126,1,4
BRDA:850,127,0,0
BRDA:850,127,1,4
BRDA:851,128,0,0
BRDA:851,128,1,0
BRDA:854,129,0,0
BRDA:854,129,1,0
BRDA:858,130,0,4
BRDA:858,130,1,0
BRDA:861,131,0,4
BRDA:861,131,1,0
BRDA:865,132,0,0
BRDA:865,132,1,4
BRDA:870,133,0,4
BRDA:870,133,1,0
BRDA:871,134,0,0
BRDA:871,134,1,4
BRDA:874,135,0,4
BRDA:874,135,1,0
BRDA:875,136,0,0
BRDA:875,136,1,4
BRDA:875,137,0,4
BRDA:875,137,1,0
BRDA:881,138,0,0
BRDA:881,138,1,5
BRDA:894,139,0,0
BRDA:894,139,1,2
BRDA:911,140,0,0
BRDA:911,140,1,0
BRDA:911,141,0,0
BRDA:911,141,1,0
BRDA:915,142,0,0
BRDA:915,142,1,0
BRDA:919,143,0,0
BRDA:919,143,1,0
BRDA:933,144,0,0
BRDA:933,144,1,100
BRDA:933,145,0,100
BRDA:933,145,1,0
BRDA:937,146,0,0
BRDA:937,146,1,100
BRDA:938,147,0,0
BRDA:938,147,1,0
BRDA:944,148,0,100
BRDA:944,148,1,0
BRDA:947,149,0,0
BRDA:947,149,1,100
BRDA:952,150,0,100
BRDA:952,150,1,0
BRDA:958,151,0,0
BRDA:958,151,1,0
BRDA:966,152,0,0
BRDA:966,152,1,0
BRF:308
BRH:95
end_of_record
TN:
SF:src/seed.js
FN:4,seedAdmin
FN:5,(anonymous_1)
FN:7,(anonymous_2)
FN:23,(anonymous_3)
FNF:4
FNH:4
FNDA:9,seedAdmin
FNDA:9,(anonymous_1)
FNDA:9,(anonymous_2)
FNDA:9,(anonymous_3)
DA:1,9
DA:2,9
DA:5,9
DA:7,9
DA:8,9
DA:9,0
DA:10,0
DA:13,9
DA:14,0
DA:15,0
DA:16,0
DA:20,9
DA:21,9
DA:23,9
DA:24,9
DA:25,0
DA:27,9
DA:28,9
DA:35,9
LF:19
LH:13
BRDA:8,0,0,0
BRDA:8,0,1,9
BRDA:13,1,0,0
BRDA:13,1,1,9
BRDA:24,2,0,0
BRDA:24,2,1,9
BRF:6
BRH:3
end_of_record
TN:
SF:src/config/database.js
FN:7,(anonymous_0)
FN:19,(anonymous_1)
FN:20,(anonymous_2)
FN:21,(anonymous_3)
FN:32,(anonymous_4)
FN:53,(anonymous_5)
FN:74,(anonymous_6)
FNF:7
FNH:7
FNDA:10,(anonymous_0)
FNDA:10,(anonymous_1)
FNDA:10,(anonymous_2)
FNDA:10,(anonymous_3)
FNDA:10,(anonymous_4)
FNDA:10,(anonymous_5)
FNDA:10,(anonymous_6)
DA:1,10
DA:2,10
DA:4,10
DA:7,10
DA:8,10
DA:9,0
DA:11,10
DA:16,10
DA:19,10
DA:20,10
DA:21,10
DA:23,10
DA:33,10
DA:34,0
DA:36,10
DA:41,10
DA:54,10
DA:55,0
DA:56,0
DA:57,0
DA:60,10
DA:62,10
DA:75,10
DA:76,0
DA:77,0
DA:79,10
DA:80,10
DA:88,10
LF:28
LH:21
BRDA:4,0,0,10
BRDA:4,0,1,0
BRDA:8,1,0,0
BRDA:8,1,1,10
BRDA:33,2,0,0
BRDA:33,2,1,10
BRDA:54,3,0,0
BRDA:54,3,1,10
BRDA:75,4,0,0
BRDA:75,4,1,10
BRF:10
BRH:5
end_of_record
TN:
SF:src/middleware/auth.js
FN:3,(anonymous_0)
FN:21,(anonymous_1)
FNF:2
FNH:2
FNDA:23,(anonymous_0)
FNDA:2,(anonymous_1)
DA:1,4
DA:3,4
DA:4,23
DA:5,23
DA:7,23
DA:8,1
DA:11,22
DA:13,22
DA:14,21
DA:15,21
DA:17,1
DA:21,4
DA:22,2
DA:23,1
DA:25,1
DA:28,4
LF:16
LH:16
BRDA:7,0,0,1
BRDA:7,0,1,22
BRDA:7,1,0,23
BRDA:7,1,1,22
BRDA:22,2,0,1
BRDA:22,2,1,1
BRF:6
BRH:6
end_of_record
TN:
SF:src/models/Task.js
FN:8,(anonymous_0)
FN:37,(anonymous_1)
FN:46,(anonymous_2)
FN:68,(anonymous_3)
FN:69,(anonymous_4)
FN:75,(anonymous_5)
FN:83,(anonymous_6)
FN:88,(anonymous_7)
FN:103,(anonymous_8)
FN:105,(anonymous_9)
FN:109,(anonymous_10)
FN:115,(anonymous_11)
FN:116,(anonymous_12)
FN:118,(anonymous_13)
FN:119,(anonymous_14)
FN:127,(anonymous_15)
FN:132,(anonymous_16)
FN:133,(anonymous_17)
FN:140,(anonymous_18)
FN:141,(anonymous_19)
FN:148,(anonymous_20)
FN:158,(anonymous_21)
FN:174,(anonymous_22)
FN:184,(anonymous_23)
FN:185,(anonymous_24)
FN:187,(anonymous_25)
FN:205,(anonymous_26)
FN:206,(anonymous_27)
FN:216,(anonymous_28)
FN:231,(anonymous_29)
FN:232,(anonymous_30)
FN:246,(anonymous_31)
FN:261,(anonymous_32)
FN:262,(anonymous_33)
FN:273,(anonymous_34)
FN:283,(anonymous_35)
FN:284,(anonymous_36)
FN:297,(anonymous_37)
FN:307,(anonymous_38)
FN:308,(anonymous_39)
FN:310,(anonymous_40)
FN:330,(anonymous_41)
FN:331,(anonymous_42)
FN:337,(anonymous_43)
FN:347,(anonymous_44)
FN:348,(anonymous_45)
FN:354,(anonymous_46)
FN:364,(anonymous_47)
FN:365,(anonymous_48)
FN:367,(anonymous_49)
FN:371,(anonymous_50)
FN:375,(anonymous_51)
FN:376,(anonymous_52)
FN:377,(anonymous_53)
FN:388,(anonymous_54)
FN:390,(anonymous_55)
FN:391,(anonymous_56)
FN:397,(anonymous_57)
FN:398,(anonymous_58)
FN:405,(anonymous_59)
FN:416,(anonymous_60)
FN:422,(anonymous_61)
FN:424,(anonymous_62)
FN:425,(anonymous_63)
FN:435,(anonymous_64)
FN:449,(anonymous_65)
FN:451,(anonymous_66)
FN:455,(anonymous_67)
FNF:68
FNH:25
FNDA:1,(anonymous_0)
FNDA:0,(anonymous_1)
FNDA:0,(anonymous_2)
FNDA:19,(anonymous_3)
FNDA:19,(anonymous_4)
FNDA:18,(anonymous_5)
FNDA:18,(anonymous_6)
FNDA:0,(anonymous_7)
FNDA:18,(anonymous_8)
FNDA:17,(anonymous_9)
FNDA:17,(anonymous_10)
FNDA:0,(anonymous_11)
FNDA:0,(anonymous_12)
FNDA:0,(anonymous_13)
FNDA:0,(anonymous_14)
FNDA:0,(anonymous_15)
FNDA:0,(anonymous_16)
FNDA:0,(anonymous_17)
FNDA:0,(anonymous_18)
FNDA:0,(anonymous_19)
FNDA:0,(anonymous_20)
FNDA:0,(anonymous_21)
FNDA:0,(anonymous_22)
FNDA:8,(anonymous_23)
FNDA:8,(anonymous_24)
FNDA:8,(anonymous_25)
FNDA:1,(anonymous_26)
FNDA:1,(anonymous_27)
FNDA:1,(anonymous_28)
FNDA:0,(anonymous_29)
FNDA:0,(anonymous_30)
FNDA:0,(anonymous_31)
FNDA:0,(anonymous_32)
FNDA:0,(anonymous_33)
FNDA:0,(anonymous_34)
FNDA:0,(anonymous_35)
FNDA:0,(anonymous_36)
FNDA:0,(anonymous_37)
FNDA:17,(anonymous_38)
FNDA:17,(anonymous_39)
FNDA:17,(anonymous_40)
FNDA:3,(anonymous_41)
FNDA:3,(anonymous_42)
FNDA:3,(anonymous_43)
FNDA:0,(anonymous_44)
FNDA:0,(anonymous_45)
FNDA:0,(anonymous_46)
FNDA:1,(anonymous_47)
FNDA:1,(anonymous_48)
FNDA:1,(anonymous_49)
FNDA:1,(anonymous_50)
FNDA:0,(anonymous_51)
FNDA:1,(anonymous_52)
FNDA:0,(anonymous_53)
FNDA:0,(anonymous_54)
FNDA:0,(anonymous_55)
FNDA:0,(anonymous_56)
FNDA:0,(anonymous_57)
FNDA:0,(anonymous_58)
FNDA:0,(anonymous_59)
FNDA:0,(anonymous_60)
FNDA:0,(anonymous_61)
FNDA:0,(anonymous_62)
FNDA:0,(anonymous_63)
FNDA:0,(anonymous_64)
FNDA:0,(anonymous_65)
FNDA:0,(anonymous_66)
FNDA:0,(anonymous_67)
DA:1,3
DA:2,3
DA:3,3
DA:5,3
DA:6,3
DA:8,3
DA:9,1
DA:10,1
DA:12,1
DA:13,0
DA:14,1
DA:15,0
DA:18,1
DA:19,0
DA:20,0
DA:23,1
DA:24,0
DA:25,0
DA:28,1
DA:29,0
DA:30,0
DA:31,0
DA:34,1
DA:37,3
DA:38,0
DA:39,0
DA:42,0
DA:43,0
DA:46,3
DA:47,0
DA:48,0
DA:51,0
DA:60,0
DA:61,0
DA:62,0
DA:65,0
DA:68,3
DA:69,19
DA:70,19
DA:71,1
DA:72,1
DA:75,18
DA:76,18
DA:83,18
DA:84,18
DA:85,0
DA:87,18
DA:88,18
DA:89,0
DA:90,0
DA:91,0
DA:93,0
DA:94,0
DA:97,18
DA:103,3
DA:104,18
DA:105,18
DA:107,18
DA:109,18
DA:115,3
DA:116,0
DA:118,3
DA:119,0
DA:120,0
DA:127,0
DA:128,0
DA:129,0
DA:131,0
DA:132,0
DA:133,0
DA:134,0
DA:140,3
DA:141,0
DA:142,0
DA:148,0
DA:149,0
DA:150,0
DA:152,0
DA:158,3
DA:159,0
DA:160,0
DA:163,0
DA:165,0
DA:166,0
DA:168,0
DA:169,0
DA:174,3
DA:175,0
DA:176,0
DA:177,0
DA:178,0
DA:180,0
DA:183,3
DA:185,8
DA:186,8
DA:187,8
DA:188,8
DA:189,0
DA:191,8
DA:206,1
DA:207,1
DA:208,1
DA:210,1
DA:211,0
DA:214,1
DA:216,1
DA:217,1
DA:218,0
DA:220,1
DA:221,1
DA:222,1
DA:224,0
DA:232,0
DA:233,0
DA:234,0
DA:240,0
DA:241,0
DA:244,0
DA:246,0
DA:247,0
DA:248,0
DA:250,0
DA:251,0
DA:252,0
DA:254,0
DA:262,0
DA:263,0
DA:264,0
DA:265,0
DA:273,0
DA:274,0
DA:275,0
DA:277,0
DA:284,0
DA:285,0
DA:286,0
DA:293,0
DA:294,0
DA:297,0
DA:298,0
DA:299,0
DA:301,0
DA:308,17
DA:309,17
DA:310,17
DA:311,17
DA:312,0
DA:314,17
DA:315,0
DA:316,0
DA:319,17
DA:320,17
DA:321,17
DA:323,0
DA:331,3
DA:332,3
DA:337,3
DA:338,3
DA:339,0
DA:341,3
DA:348,0
DA:349,0
DA:354,0
DA:355,0
DA:356,0
DA:358,0
DA:365,1
DA:366,1
DA:368,1
DA:369,1
DA:371,1
DA:372,1
DA:373,0
DA:375,1
DA:376,1
DA:378,0
DA:379,0
DA:388,0
DA:391,0
DA:392,0
DA:393,0
DA:394,0
DA:397,0
DA:398,0
DA:399,0
DA:400,0
DA:405,0
DA:406,0
DA:407,0
DA:409,0
DA:415,0
DA:416,0
DA:422,0
DA:425,0
DA:426,0
DA:427,0
DA:429,0
DA:430,0
DA:431,0
DA:434,0
DA:435,0
DA:436,0
DA:437,0
DA:439,0
DA:440,0
DA:444,0
DA:449,0
DA:452,0
DA:454,0
DA:456,0
DA:457,0
DA:459,0
DA:466,3
LF:213
LH:76
BRDA:8,0,0,0
BRDA:8,1,0,1
BRDA:12,2,0,0
BRDA:12,2,1,1
BRDA:14,3,0,0
BRDA:14,3,1,1
BRDA:18,4,0,0
BRDA:18,4,1,1
BRDA:23,5,0,0
BRDA:23,5,1,1
BRDA:28,6,0,0
BRDA:28,6,1,1
BRDA:37,7,0,0
BRDA:38,8,0,0
BRDA:38,8,1,0
BRDA:46,9,0,0
BRDA:46,10,0,0
BRDA:47,11,0,0
BRDA:47,11,1,0
BRDA:60,12,0,0
BRDA:60,12,1,0
BRDA:68,13,0,0
BRDA:68,14,0,0
BRDA:70,15,0,1
BRDA:70,15,1,18
BRDA:70,16,0,19
BRDA:70,16,1,19
BRDA:84,17,0,0
BRDA:84,17,1,18
BRDA:88,18,0,18
BRDA:88,18,1,0
BRDA:90,19,0,0
BRDA:90,19,1,0
BRDA:93,20,0,0
BRDA:93,20,1,0
BRDA:103,21,0,0
BRDA:103,22,0,18
BRDA:104,23,0,18
BRDA:104,23,1,0
BRDA:111,24,0,17
BRDA:111,24,1,17
BRDA:115,25,0,0
BRDA:116,26,0,0
BRDA:116,26,1,0
BRDA:128,27,0,0
BRDA:128,27,1,0
BRDA:131,28,0,0
BRDA:131,28,1,0
BRDA:132,29,0,0
BRDA:132,29,1,0
BRDA:132,30,0,0
BRDA:132,30,1,0
BRDA:140,31,0,0
BRDA:149,32,0,0
BRDA:149,32,1,0
BRDA:152,33,0,0
BRDA:152,33,1,0
BRDA:159,34,0,0
BRDA:159,34,1,0
BRDA:168,35,0,0
BRDA:168,35,1,0
BRDA:174,36,0,0
BRDA:175,37,0,0
BRDA:175,37,1,0
BRDA:176,38,0,0
BRDA:176,38,1,0
BRDA:178,39,0,0
BRDA:178,39,1,0
BRDA:188,40,0,0
BRDA:188,40,1,8
BRDA:205,41,0,0
BRDA:210,42,0,0
BRDA:210,42,1,1
BRDA:217,43,0,0
BRDA:217,43,1,1
BRDA:221,44,0,1
BRDA:221,44,1,0
BRDA:231,45,0,0
BRDA:240,46,0,0
BRDA:240,46,1,0
BRDA:247,47,0,0
BRDA:247,47,1,0
BRDA:251,48,0,0
BRDA:251,48,1,0
BRDA:261,49,0,0
BRDA:274,50,0,0
BRDA:274,50,1,0
BRDA:283,51,0,0
BRDA:293,52,0,0
BRDA:293,52,1,0
BRDA:298,53,0,0
BRDA:298,53,1,0
BRDA:311,54,0,0
BRDA:311,54,1,17
BRDA:314,55,0,0
BRDA:314,55,1,17
BRDA:321,56,0,17
BRDA:321,56,1,0
BRDA:338,57,0,0
BRDA:338,57,1,3
BRDA:355,58,0,0
BRDA:355,58,1,0
BRDA:368,59,0,1
BRDA:368,59,1,1
BRDA:372,60,0,0
BRDA:372,60,1,1
BRDA:388,61,0,0
BRDA:390,62,0,0
BRDA:392,63,0,0
BRDA:392,63,1,0
BRDA:392,64,0,0
BRDA:392,64,1,0
BRDA:406,65,0,0
BRDA:406,65,1,0
BRDA:422,66,0,0
BRDA:429,67,0,0
BRDA:429,67,1,0
BRDA:436,68,0,0
BRDA:436,68,1,0
BRDA:451,69,0,0
BRDA:452,70,0,0
BRDA:452,70,1,0
BRF:122
BRH:27
end_of_record
TN:
SF:src/models/User.js
FN:3,(anonymous_0)
FN:12,(anonymous_1)
FN:13,(anonymous_2)
FN:15,(anonymous_3)
FN:25,(anonymous_4)
FN:26,(anonymous_5)
FN:28,(anonymous_6)
FN:38,(anonymous_7)
FN:39,(anonymous_8)
FN:41,(anonymous_9)
FN:51,(anonymous_10)
FN:52,(anonymous_11)
FN:54,(anonymous_12)
FN:64,(anonymous_13)
FN:65,(anonymous_14)
FN:67,(anonymous_15)
FN:77,(anonymous_16)
FN:78,(anonymous_17)
FN:109,(anonymous_18)
FN:116,(anonymous_19)
FN:128,(anonymous_20)
FN:129,(anonymous_21)
FN:131,(anonymous_22)
FNF:23
FNH:9
FNDA:0,(anonymous_0)
FNDA:6,(anonymous_1)
FNDA:6,(anonymous_2)
FNDA:6,(anonymous_3)
FNDA:17,(anonymous_4)
FNDA:17,(anonymous_5)
FNDA:17,(anonymous_6)
FNDA:6,(anonymous_7)
FNDA:6,(anonymous_8)
FNDA:6,(anonymous_9)
FNDA:0,(anonymous_10)
FNDA:0,(anonymous_11)
FNDA:0,(anonymous_12)
FNDA:0,(anonymous_13)
FNDA:0,(anonymous_14)
FNDA:0,(anonymous_15)
FNDA:0,(anonymous_16)
FNDA:0,(anonymous_17)
FNDA:0,(anonymous_18)
FNDA:0,(anonymous_19)
FNDA:0,(anonymous_20)
FNDA:0,(anonymous_21)
FNDA:0,(anonymous_22)
DA:1,3
DA:3,3
DA:4,0
DA:5,0
DA:8,0
DA:11,3
DA:13,6
DA:14,6
DA:15,6
DA:16,6
DA:17,0
DA:19,6
DA:26,17
DA:27,17
DA:28,17
DA:29,17
DA:30,0
DA:32,17
DA:39,6
DA:40,6
DA:41,6
DA:42,6
DA:43,0
DA:45,6
DA:52,0
DA:53,0
DA:54,0
DA:55,0
DA:56,0
DA:58,0
DA:65,0
DA:66,0
DA:67,0
DA:68,0
DA:69,0
DA:71,0
DA:78,0
DA:79,0
DA:80,0
DA:81,0
DA:83,0
DA:84,0
DA:85,0
DA:87,0
DA:88,0
DA:89,0
DA:92,0
DA:93,0
DA:94,0
DA:97,0
DA:98,0
DA:99,0
DA:102,0
DA:103,0
DA:104,0
DA:107,0
DA:109,0
DA:110,0
DA:111,0
DA:112,0
DA:115,0
DA:117,0
DA:118,0
DA:119,0
DA:121,0
DA:129,0
DA:130,0
DA:131,0
DA:132,0
DA:133,0
DA:135,0
DA:142,3
LF:72
LH:19
BRDA:4,0,0,0
BRDA:4,0,1,0
BRDA:12,1,0,6
BRDA:16,2,0,0
BRDA:16,2,1,6
BRDA:29,3,0,0
BRDA:29,3,1,17
BRDA:42,4,0,0
BRDA:42,4,1,6
BRDA:55,5,0,0
BRDA:55,5,1,0
BRDA:68,6,0,0
BRDA:68,6,1,0
BRDA:71,7,0,0
BRDA:71,7,1,0
BRDA:77,8,0,0
BRDA:87,9,0,0
BRDA:87,9,1,0
BRDA:92,10,0,0
BRDA:92,10,1,0
BRDA:97,11,0,0
BRDA:97,11,1,0
BRDA:97,12,0,0
BRDA:97,12,1,0
BRDA:102,13,0,0
BRDA:102,13,1,0
BRDA:110,14,0,0
BRDA:110,14,1,0
BRDA:117,15,0,0
BRDA:117,15,1,0
BRDA:132,16,0,0
BRDA:132,16,1,0
BRF:32
BRH:4
end_of_record
TN:
SF:src/routes/auth.js
FN:9,(anonymous_0)
FN:63,(anonymous_1)
FNF:2
FNH:2
FNDA:6,(anonymous_0)
FNDA:11,(anonymous_1)
DA:1,3
DA:2,3
DA:3,3
DA:4,3
DA:6,3
DA:9,3
DA:10,6
DA:11,6
DA:14,6
DA:15,0
DA:18,6
DA:19,0
DA:23,6
DA:24,6
DA:25,0
DA:28,6
DA:29,6
DA:30,0
DA:34,6
DA:37,6
DA:40,6
DA:46,6
DA:57,0
DA:58,0
DA:63,3
DA:64,11
DA:65,11
DA:68,11
DA:69,0
DA:73,11
DA:74,11
DA:75,0
DA:79,11
DA:80,11
DA:81,0
DA:85,11
DA:91,11
DA:102,0
DA:103,0
DA:107,3
LF:40
LH:29
BRDA:14,0,0,0
BRDA:14,0,1,6
BRDA:14,1,0,6
BRDA:14,1,1,6
BRDA:14,1,2,6
BRDA:18,2,0,0
BRDA:18,2,1,6
BRDA:24,3,0,0
BRDA:24,3,1,6
BRDA:29,4,0,0
BRDA:29,4,1,6
BRDA:68,5,0,0
BRDA:68,5,1,11
BRDA:68,6,0,11
BRDA:68,6,1,11
BRDA:74,7,0,0
BRDA:74,7,1,11
BRDA:80,8,0,0
BRDA:80,8,1,11
BRF:19
BRH:12
end_of_record
TN:
SF:src/routes/tasks.js
FN:16,(anonymous_0)
FN:19,(anonymous_1)
FN:35,(anonymous_2)
FN:67,(anonymous_3)
FN:79,(anonymous_4)
FN:91,(anonymous_5)
FN:108,(anonymous_6)
FN:132,(anonymous_7)
FN:163,(anonymous_8)
FN:187,(anonymous_9)
FN:210,(anonymous_10)
FNF:11
FNH:5
FNDA:0,(anonymous_0)
FNDA:0,(anonymous_1)
FNDA:1,(anonymous_2)
FNDA:1,(anonymous_3)
FNDA:0,(anonymous_4)
FNDA:0,(anonymous_5)
FNDA:9,(anonymous_6)
FNDA:7,(anonymous_7)
FNDA:0,(anonymous_8)
FNDA:1,(anonymous_9)
FNDA:0,(anonymous_10)
DA:1,3
DA:2,3
DA:3,3
DA:4,3
DA:5,3
DA:6,3
DA:8,3
DA:10,3
DA:11,3
DA:12,0
DA:15,3
DA:17,0
DA:20,0
DA:21,0
DA:22,0
DA:23,0
DA:27,3
DA:35,3
DA:36,1
DA:38,1
DA:39,0
DA:40,0
DA:41,0
DA:45,1
DA:46,0
DA:49,1
DA:50,0
DA:53,1
DA:54,0
DA:55,0
DA:56,0
DA:60,1
DA:64,3
DA:67,3
DA:68,1
DA:69,1
DA:70,1
DA:71,1
DA:73,0
DA:74,0
DA:79,3
DA:80,0
DA:81,0
DA:82,0
DA:83,0
DA:85,0
DA:86,0
DA:91,3
DA:92,0
DA:93,0
DA:94,0
DA:96,0
DA:100,0
DA:102,0
DA:103,0
DA:108,3
DA:109,9
DA:110,9
DA:112,9
DA:113,1
DA:116,8
DA:117,8
DA:119,8
DA:120,0
DA:123,8
DA:124,8
DA:126,0
DA:127,0
DA:132,3
DA:133,7
DA:134,7
DA:135,7
DA:138,7
DA:139,7
DA:140,1
DA:143,6
DA:144,2
DA:147,4
DA:149,3
DA:150,3
DA:151,0
DA:154,3
DA:155,3
DA:157,1
DA:158,1
DA:163,3
DA:164,0
DA:165,0
DA:168,0
DA:169,0
DA:170,0
DA:173,0
DA:174,0
DA:177,0
DA:178,0
DA:179,0
DA:181,0
DA:182,0
DA:187,3
DA:188,1
DA:189,1
DA:192,1
DA:193,1
DA:194,0
DA:197,1
DA:198,0
DA:201,1
DA:202,1
DA:204,0
DA:205,0
DA:210,3
DA:211,0
DA:212,0
DA:214,0
DA:215,0
DA:216,0
DA:219,0
DA:220,0
DA:223,0
DA:225,0
DA:226,0
DA:229,0
DA:230,0
DA:232,0
DA:234,0
DA:235,0
DA:239,3
LF:127
LH:63
BRDA:11,0,0,0
BRDA:11,0,1,3
BRDA:38,1,0,0
BRDA:38,1,1,1
BRDA:40,2,0,0
BRDA:40,2,1,0
BRDA:40,3,0,0
BRDA:40,3,1,0
BRDA:45,4,0,0
BRDA:45,4,1,1
BRDA:49,5,0,0
BRDA:49,5,1,1
BRDA:53,6,0,0
BRDA:53,6,1,1
BRDA:55,7,0,0
BRDA:55,7,1,0
BRDA:94,8,0,0
BRDA:94,8,1,0
BRDA:96,9,0,0
BRDA:96,9,1,0
BRDA:96,10,0,0
BRDA:96,10,1,0
BRDA:112,11,0,1
BRDA:112,11,1,8
BRDA:116,12,0,8
BRDA:116,12,1,0
BRDA:119,13,0,0
BRDA:119,13,1,8
BRDA:139,14,0,1
BRDA:139,14,1,6
BRDA:143,15,0,2
BRDA:143,15,1,4
BRDA:149,16,0,3
BRDA:149,16,1,3
BRDA:150,17,0,0
BRDA:150,17,1,3
BRDA:169,18,0,0
BRDA:169,18,1,0
BRDA:173,19,0,0
BRDA:173,19,1,0
BRDA:193,20,0,0
BRDA:193,20,1,1
BRDA:197,21,0,0
BRDA:197,21,1,1
BRDA:215,22,0,0
BRDA:215,22,1,0
BRDA:219,23,0,0
BRDA:219,23,1,0
BRDA:225,24,0,0
BRDA:225,24,1,0
BRDA:225,25,0,0
BRDA:225,25,1,0
BRF:52
BRH:18
end_of_record
TN:
SF:src/routes/users.js
FN:10,(anonymous_0)
FN:20,(anonymous_1)
FN:75,(anonymous_2)
FNF:3
FNH:0
FNDA:0,(anonymous_0)
FNDA:0,(anonymous_1)
FNDA:0,(anonymous_2)
DA:1,3
DA:2,3
DA:3,3
DA:4,3
DA:6,3
DA:8,3
DA:10,3
DA:11,0
DA:12,0
DA:13,0
DA:15,0
DA:16,0
DA:20,3
DA:21,0
DA:23,0
DA:24,0
DA:27,0
DA:28,0
DA:30,0
DA:31,0
DA:34,0
DA:35,0
DA:38,0
DA:39,0
DA:42,0
DA:43,0
DA:46,0
DA:47,0
DA:49,0
DA:50,0
DA:53,0
DA:55,0
DA:57,0
DA:58,0
DA:60,0
DA:61,0
DA:62,0
DA:63,0
DA:64,0
DA:68,0
DA:71,0
DA:75,3
DA:76,0
DA:78,0
DA:79,0
DA:82,0
DA:83,0
DA:86,0
DA:87,0
DA:88,0
DA:90,0
DA:91,0
DA:94,0
DA:96,0
DA:98,0
DA:99,0
DA:103,3
LF:57
LH:10
BRDA:23,0,0,0
BRDA:23,0,1,0
BRDA:23,1,0,0
BRDA:23,1,1,0
BRDA:27,2,0,0
BRDA:27,2,1,0
BRDA:30,3,0,0
BRDA:30,3,1,0
BRDA:30,4,0,0
BRDA:30,4,1,0
BRDA:34,5,0,0
BRDA:34,5,1,0
BRDA:34,6,0,0
BRDA:34,6,1,0
BRDA:38,7,0,0
BRDA:38,7,1,0
BRDA:38,8,0,0
BRDA:38,8,1,0
BRDA:38,8,2,0
BRDA:42,9,0,0
BRDA:42,9,1,0
BRDA:42,10,0,0
BRDA:42,10,1,0
BRDA:49,11,0,0
BRDA:49,11,1,0
BRDA:57,12,0,0
BRDA:57,12,1,0
BRDA:57,13,0,0
BRDA:57,13,1,0
BRDA:60,14,0,0
BRDA:60,14,1,0
BRDA:61,15,0,0
BRDA:61,15,1,0
BRDA:63,16,0,0
BRDA:63,16,1,0
BRDA:78,17,0,0
BRDA:78,17,1,0
BRDA:78,18,0,0
BRDA:78,18,1,0
BRDA:82,19,0,0
BRDA:82,19,1,0
BRDA:90,20,0,0
BRDA:90,20,1,0
BRDA:90,21,0,0
BRDA:90,21,1,0
BRF:45
BRH:0
end_of_record
